18:29:26.432 782557 POPRUN [I] V-IPU server address picked up from 'vipu': 10.1.3.101:8090
18:29:26.434 782557 POPRUN [I] Using V-IPU partition p64 as it is the only one available
18:29:26.434 782557 POPRUN [D] Connecting to 10.1.3.101:8090
18:29:26.437 782557 POPRUN [D] Status for partition p64: OK (error 0)
18:29:26.437 782557 POPRUN [I] Partition p64 already exists and is in state: PS_ACTIVE
18:29:26.438 782557 POPRUN [D] The reconfigurable partition p64 is OK
 ===========================================
|              poprun topology              |
|===========================================|
| hosts     |           localhost           |
|-----------|-------------------------------|
| ILDs      |               0               |
|-----------|-------------------------------|
| instances | 0 | 1 | 2 | 3 | 4 | 5 | 6 | 7 |
|-----------|-------------------------------|
| replicas  | 0 | 1 | 2 | 3 | 4 | 5 | 6 | 7 |
 -------------------------------------------
18:29:26.440 782557 POPRUN [D] Target options from environment: {}
18:29:26.440 782557 POPRUN [D] Target options from V-IPU partition: {"ipuLinkDomainSize":"64","ipuLinkConfiguration":"slidingWindow","ipuLinkTopology":"mesh","gatewayMode":"true","instanceSize":"8"}
18:29:26.943 782557 POPRUN [D] Found 8 devices with 8 IPUs
2023-02-03T18:29:27.411679Z ipuof_lib 782557.782586 E: attach_device_impl: Device already in use, device 3, IP 10.1.5.1:50052
2023-02-03T18:29:28.181710Z PO:TARGET   782557.782557 E: Failed to attach to ipu(s)
18:29:28.181 782557 POPRUN [D] Failed to attach to device 112
18:29:29.700 782557 POPRUN [D] Attached to device 113
18:29:29.701 782557 POPRUN [D] Found 8 children (expected 8) of device 113 with 1 IPUs each
18:29:29.702 782557 POPRUN [I] Preparing parent device 113
18:29:29.702 782557 POPRUN [D] Device 113 ipuLinkDomainSize=64, ipuLinkConfiguration=Default, ipuLinkTopology=Mesh, gatewayMode=true, instanceSize=1
18:29:32.396 782557 POPRUN [D] Target options from Poplar device: {"ipuLinkDomainSize":"64","ipuLinkConfiguration":"default","ipuLinkTopology":"mesh","gatewayMode":"true","instanceSize":"1"}
18:29:32.396 782557 POPRUN [D] Using target options: {"ipuLinkDomainSize":"64","ipuLinkConfiguration":"slidingWindow","ipuLinkTopology":"mesh","gatewayMode":"true","instanceSize":"8"}
18:29:32.422 782557 POPRUN [D] Skipping port 1 of IB device uverbs0 because its state (1) doesn't seem active. Information in sysfs might be invalid or might not exist
18:29:32.428 782557 POPRUN [D] Skipping port 1 of IB device uverbs1 because its state (1) doesn't seem active. Information in sysfs might be invalid or might not exist
18:29:32.441 782557 POPRUN [D] No hosts specified; ignoring host-subnet setting
18:29:32.441 782557 POPRUN [D] Default network/RNIC for host communication: None
18:29:32.442 782557 POPRUN [I] Running command: /software/graphcore/poplar_sdk/3.1.0/poplar-ubuntu_20_04-3.1.0+6824-9c103dc348/bin/mpirun '--bind-to' 'none' '--tag-output' '--allow-run-as-root' '-np' '1' '-x' 'POPDIST_NUM_TOTAL_REPLICAS=8' '-x' 'POPDIST_NUM_IPUS_PER_REPLICA=1' '-x' 'POPDIST_NUM_LOCAL_REPLICAS=1' '-x' 'POPDIST_UNIFORM_REPLICAS_PER_INSTANCE=1' '-x' 'POPDIST_NODE_DEVICE_ID=113' '-x' 'POPDIST_EXECUTABLE_CACHE_PATH=/home/wilsonb/tmp' '-x' 'POPDIST_REPLICA_INDEX_OFFSET=0' '-x' 'POPDIST_LOCAL_INSTANCE_INDEX=0' '-x' 'IPUOF_VIPU_API_HOST=10.1.3.101' '-x' 'IPUOF_VIPU_API_PORT=8090' '-x' 'IPUOF_VIPU_API_PARTITION_ID=p64' '-x' 'IPUOF_VIPU_API_TIMEOUT=120' '-x' 'IPUOF_LOG_LEVEL=WARN' '-x' 'PATH' '-x' 'LD_LIBRARY_PATH' '-x' 'PYTHONPATH' '-x' 'POPLAR_TARGET_OPTIONS={"ipuLinkDomainSize":"64","ipuLinkConfiguration":"slidingWindow","ipuLinkTopology":"mesh","gatewayMode":"true","instanceSize":"8"}' 'poprun_numa_wrapper' 'python' 'bin/exec.py' '--config-name=a21' 'mode=train' 'run.id=' 'run.distributed=False' 'data=real' 'data.data_directory=/lambda_stor/data/datascience/cosmic_tagging/' 'framework=torch' 'run.compute_mode=IPU' 'run.minibatch_size=2' 'run.iterations=10' 'run.precision=3' ':' '-np' '1' '-x' 'POPDIST_NUM_TOTAL_REPLICAS=8' '-x' 'POPDIST_NUM_IPUS_PER_REPLICA=1' '-x' 'POPDIST_NUM_LOCAL_REPLICAS=1' '-x' 'POPDIST_UNIFORM_REPLICAS_PER_INSTANCE=1' '-x' 'POPDIST_NODE_DEVICE_ID=113' '-x' 'POPDIST_EXECUTABLE_CACHE_PATH=/home/wilsonb/tmp' '-x' 'POPDIST_REPLICA_INDEX_OFFSET=1' '-x' 'POPDIST_LOCAL_INSTANCE_INDEX=1' '-x' 'IPUOF_VIPU_API_HOST=10.1.3.101' '-x' 'IPUOF_VIPU_API_PORT=8090' '-x' 'IPUOF_VIPU_API_PARTITION_ID=p64' '-x' 'IPUOF_VIPU_API_TIMEOUT=120' '-x' 'IPUOF_LOG_LEVEL=WARN' '-x' 'PATH' '-x' 'LD_LIBRARY_PATH' '-x' 'PYTHONPATH' '-x' 'POPLAR_TARGET_OPTIONS={"ipuLinkDomainSize":"64","ipuLinkConfiguration":"slidingWindow","ipuLinkTopology":"mesh","gatewayMode":"true","instanceSize":"8"}' 'poprun_numa_wrapper' 'python' 'bin/exec.py' '--config-name=a21' 'mode=train' 'run.id=' 'run.distributed=False' 'data=real' 'data.data_directory=/lambda_stor/data/datascience/cosmic_tagging/' 'framework=torch' 'run.compute_mode=IPU' 'run.minibatch_size=2' 'run.iterations=10' 'run.precision=3' ':' '-np' '1' '-x' 'POPDIST_NUM_TOTAL_REPLICAS=8' '-x' 'POPDIST_NUM_IPUS_PER_REPLICA=1' '-x' 'POPDIST_NUM_LOCAL_REPLICAS=1' '-x' 'POPDIST_UNIFORM_REPLICAS_PER_INSTANCE=1' '-x' 'POPDIST_NODE_DEVICE_ID=113' '-x' 'POPDIST_EXECUTABLE_CACHE_PATH=/home/wilsonb/tmp' '-x' 'POPDIST_REPLICA_INDEX_OFFSET=2' '-x' 'POPDIST_LOCAL_INSTANCE_INDEX=2' '-x' 'IPUOF_VIPU_API_HOST=10.1.3.101' '-x' 'IPUOF_VIPU_API_PORT=8090' '-x' 'IPUOF_VIPU_API_PARTITION_ID=p64' '-x' 'IPUOF_VIPU_API_TIMEOUT=120' '-x' 'IPUOF_LOG_LEVEL=WARN' '-x' 'PATH' '-x' 'LD_LIBRARY_PATH' '-x' 'PYTHONPATH' '-x' 'POPLAR_TARGET_OPTIONS={"ipuLinkDomainSize":"64","ipuLinkConfiguration":"slidingWindow","ipuLinkTopology":"mesh","gatewayMode":"true","instanceSize":"8"}' 'poprun_numa_wrapper' 'python' 'bin/exec.py' '--config-name=a21' 'mode=train' 'run.id=' 'run.distributed=False' 'data=real' 'data.data_directory=/lambda_stor/data/datascience/cosmic_tagging/' 'framework=torch' 'run.compute_mode=IPU' 'run.minibatch_size=2' 'run.iterations=10' 'run.precision=3' ':' '-np' '1' '-x' 'POPDIST_NUM_TOTAL_REPLICAS=8' '-x' 'POPDIST_NUM_IPUS_PER_REPLICA=1' '-x' 'POPDIST_NUM_LOCAL_REPLICAS=1' '-x' 'POPDIST_UNIFORM_REPLICAS_PER_INSTANCE=1' '-x' 'POPDIST_NODE_DEVICE_ID=113' '-x' 'POPDIST_EXECUTABLE_CACHE_PATH=/home/wilsonb/tmp' '-x' 'POPDIST_REPLICA_INDEX_OFFSET=3' '-x' 'POPDIST_LOCAL_INSTANCE_INDEX=3' '-x' 'IPUOF_VIPU_API_HOST=10.1.3.101' '-x' 'IPUOF_VIPU_API_PORT=8090' '-x' 'IPUOF_VIPU_API_PARTITION_ID=p64' '-x' 'IPUOF_VIPU_API_TIMEOUT=120' '-x' 'IPUOF_LOG_LEVEL=WARN' '-x' 'PATH' '-x' 'LD_LIBRARY_PATH' '-x' 'PYTHONPATH' '-x' 'POPLAR_TARGET_OPTIONS={"ipuLinkDomainSize":"64","ipuLinkConfiguration":"slidingWindow","ipuLinkTopology":"mesh","gatewayMode":"true","instanceSize":"8"}' 'poprun_numa_wrapper' 'python' 'bin/exec.py' '--config-name=a21' 'mode=train' 'run.id=' 'run.distributed=False' 'data=real' 'data.data_directory=/lambda_stor/data/datascience/cosmic_tagging/' 'framework=torch' 'run.compute_mode=IPU' 'run.minibatch_size=2' 'run.iterations=10' 'run.precision=3' ':' '-np' '1' '-x' 'POPDIST_NUM_TOTAL_REPLICAS=8' '-x' 'POPDIST_NUM_IPUS_PER_REPLICA=1' '-x' 'POPDIST_NUM_LOCAL_REPLICAS=1' '-x' 'POPDIST_UNIFORM_REPLICAS_PER_INSTANCE=1' '-x' 'POPDIST_NODE_DEVICE_ID=113' '-x' 'POPDIST_EXECUTABLE_CACHE_PATH=/home/wilsonb/tmp' '-x' 'POPDIST_REPLICA_INDEX_OFFSET=4' '-x' 'POPDIST_LOCAL_INSTANCE_INDEX=4' '-x' 'IPUOF_VIPU_API_HOST=10.1.3.101' '-x' 'IPUOF_VIPU_API_PORT=8090' '-x' 'IPUOF_VIPU_API_PARTITION_ID=p64' '-x' 'IPUOF_VIPU_API_TIMEOUT=120' '-x' 'IPUOF_LOG_LEVEL=WARN' '-x' 'PATH' '-x' 'LD_LIBRARY_PATH' '-x' 'PYTHONPATH' '-x' 'POPLAR_TARGET_OPTIONS={"ipuLinkDomainSize":"64","ipuLinkConfiguration":"slidingWindow","ipuLinkTopology":"mesh","gatewayMode":"true","instanceSize":"8"}' 'poprun_numa_wrapper' 'python' 'bin/exec.py' '--config-name=a21' 'mode=train' 'run.id=' 'run.distributed=False' 'data=real' 'data.data_directory=/lambda_stor/data/datascience/cosmic_tagging/' 'framework=torch' 'run.compute_mode=IPU' 'run.minibatch_size=2' 'run.iterations=10' 'run.precision=3' ':' '-np' '1' '-x' 'POPDIST_NUM_TOTAL_REPLICAS=8' '-x' 'POPDIST_NUM_IPUS_PER_REPLICA=1' '-x' 'POPDIST_NUM_LOCAL_REPLICAS=1' '-x' 'POPDIST_UNIFORM_REPLICAS_PER_INSTANCE=1' '-x' 'POPDIST_NODE_DEVICE_ID=113' '-x' 'POPDIST_EXECUTABLE_CACHE_PATH=/home/wilsonb/tmp' '-x' 'POPDIST_REPLICA_INDEX_OFFSET=5' '-x' 'POPDIST_LOCAL_INSTANCE_INDEX=5' '-x' 'IPUOF_VIPU_API_HOST=10.1.3.101' '-x' 'IPUOF_VIPU_API_PORT=8090' '-x' 'IPUOF_VIPU_API_PARTITION_ID=p64' '-x' 'IPUOF_VIPU_API_TIMEOUT=120' '-x' 'IPUOF_LOG_LEVEL=WARN' '-x' 'PATH' '-x' 'LD_LIBRARY_PATH' '-x' 'PYTHONPATH' '-x' 'POPLAR_TARGET_OPTIONS={"ipuLinkDomainSize":"64","ipuLinkConfiguration":"slidingWindow","ipuLinkTopology":"mesh","gatewayMode":"true","instanceSize":"8"}' 'poprun_numa_wrapper' 'python' 'bin/exec.py' '--config-name=a21' 'mode=train' 'run.id=' 'run.distributed=False' 'data=real' 'data.data_directory=/lambda_stor/data/datascience/cosmic_tagging/' 'framework=torch' 'run.compute_mode=IPU' 'run.minibatch_size=2' 'run.iterations=10' 'run.precision=3' ':' '-np' '1' '-x' 'POPDIST_NUM_TOTAL_REPLICAS=8' '-x' 'POPDIST_NUM_IPUS_PER_REPLICA=1' '-x' 'POPDIST_NUM_LOCAL_REPLICAS=1' '-x' 'POPDIST_UNIFORM_REPLICAS_PER_INSTANCE=1' '-x' 'POPDIST_NODE_DEVICE_ID=113' '-x' 'POPDIST_EXECUTABLE_CACHE_PATH=/home/wilsonb/tmp' '-x' 'POPDIST_REPLICA_INDEX_OFFSET=6' '-x' 'POPDIST_LOCAL_INSTANCE_INDEX=6' '-x' 'IPUOF_VIPU_API_HOST=10.1.3.101' '-x' 'IPUOF_VIPU_API_PORT=8090' '-x' 'IPUOF_VIPU_API_PARTITION_ID=p64' '-x' 'IPUOF_VIPU_API_TIMEOUT=120' '-x' 'IPUOF_LOG_LEVEL=WARN' '-x' 'PATH' '-x' 'LD_LIBRARY_PATH' '-x' 'PYTHONPATH' '-x' 'POPLAR_TARGET_OPTIONS={"ipuLinkDomainSize":"64","ipuLinkConfiguration":"slidingWindow","ipuLinkTopology":"mesh","gatewayMode":"true","instanceSize":"8"}' 'poprun_numa_wrapper' 'python' 'bin/exec.py' '--config-name=a21' 'mode=train' 'run.id=' 'run.distributed=False' 'data=real' 'data.data_directory=/lambda_stor/data/datascience/cosmic_tagging/' 'framework=torch' 'run.compute_mode=IPU' 'run.minibatch_size=2' 'run.iterations=10' 'run.precision=3' ':' '-np' '1' '-x' 'POPDIST_NUM_TOTAL_REPLICAS=8' '-x' 'POPDIST_NUM_IPUS_PER_REPLICA=1' '-x' 'POPDIST_NUM_LOCAL_REPLICAS=1' '-x' 'POPDIST_UNIFORM_REPLICAS_PER_INSTANCE=1' '-x' 'POPDIST_NODE_DEVICE_ID=113' '-x' 'POPDIST_EXECUTABLE_CACHE_PATH=/home/wilsonb/tmp' '-x' 'POPDIST_REPLICA_INDEX_OFFSET=7' '-x' 'POPDIST_LOCAL_INSTANCE_INDEX=7' '-x' 'IPUOF_VIPU_API_HOST=10.1.3.101' '-x' 'IPUOF_VIPU_API_PORT=8090' '-x' 'IPUOF_VIPU_API_PARTITION_ID=p64' '-x' 'IPUOF_VIPU_API_TIMEOUT=120' '-x' 'IPUOF_LOG_LEVEL=WARN' '-x' 'PATH' '-x' 'LD_LIBRARY_PATH' '-x' 'PYTHONPATH' '-x' 'POPLAR_TARGET_OPTIONS={"ipuLinkDomainSize":"64","ipuLinkConfiguration":"slidingWindow","ipuLinkTopology":"mesh","gatewayMode":"true","instanceSize":"8"}' 'poprun_numa_wrapper' 'python' 'bin/exec.py' '--config-name=a21' 'mode=train' 'run.id=' 'run.distributed=False' 'data=real' 'data.data_directory=/lambda_stor/data/datascience/cosmic_tagging/' 'framework=torch' 'run.compute_mode=IPU' 'run.minibatch_size=2' 'run.iterations=10' 'run.precision=3'
18:29:32.453 782557 POPRUN [I] Waiting for mpirun (PID 783185)
[1,1]<stdout>:2023-02-03 18:29:34,586 - INFO - Dumping launch arguments.
[1,1]<stdout>:2023-02-03 18:29:34,586 - INFO - ['bin/exec.py', '--config-name=a21', 'mode=train', 'run.id=', 'run.distributed=False', 'data=real', 'data.data_directory=/lambda_stor/data/datascience/cosmic_tagging/', 'framework=torch', 'run.compute_mode=IPU', 'run.minibatch_size=2', 'run.iterations=10', 'run.precision=3', 'hydra/job_logging=disabled']
[1,1]<stdout>:2023-02-03 18:29:34,586 - INFO - Running Training
[1,2]<stdout>:2023-02-03 18:29:34,588 - INFO - Dumping launch arguments.
[1,2]<stdout>:2023-02-03 18:29:34,588 - INFO - ['bin/exec.py', '--config-name=a21', 'mode=train', 'run.id=', 'run.distributed=False', 'data=real', 'data.data_directory=/lambda_stor/data/datascience/cosmic_tagging/', 'framework=torch', 'run.compute_mode=IPU', 'run.minibatch_size=2', 'run.iterations=10', 'run.precision=3', 'hydra/job_logging=disabled']
[1,2]<stdout>:2023-02-03 18:29:34,588 - INFO - Running Training
[1,5]<stdout>:2023-02-03 18:29:34,588 - INFO - Dumping launch arguments.
[1,5]<stdout>:2023-02-03 18:29:34,588 - INFO - ['bin/exec.py', '--config-name=a21', 'mode=train', 'run.id=', 'run.distributed=False', 'data=real', 'data.data_directory=/lambda_stor/data/datascience/cosmic_tagging/', 'framework=torch', 'run.compute_mode=IPU', 'run.minibatch_size=2', 'run.iterations=10', 'run.precision=3', 'hydra/job_logging=disabled']
[1,5]<stdout>:2023-02-03 18:29:34,588 - INFO - Running Training
[1,0]<stdout>:2023-02-03 18:29:34,589 - INFO - Dumping launch arguments.
[1,0]<stdout>:2023-02-03 18:29:34,590 - INFO - ['bin/exec.py', '--config-name=a21', 'mode=train', 'run.id=', 'run.distributed=False', 'data=real', 'data.data_directory=/lambda_stor/data/datascience/cosmic_tagging/', 'framework=torch', 'run.compute_mode=IPU', 'run.minibatch_size=2', 'run.iterations=10', 'run.precision=3', 'hydra/job_logging=disabled']
[1,0]<stdout>:2023-02-03 18:29:34,590 - INFO - Running Training
[1,4]<stdout>:2023-02-03 18:29:34,590 - INFO - Dumping launch arguments.
[1,4]<stdout>:2023-02-03 18:29:34,590 - INFO - ['bin/exec.py', '--config-name=a21', 'mode=train', 'run.id=', 'run.distributed=False', 'data=real', 'data.data_directory=/lambda_stor/data/datascience/cosmic_tagging/', 'framework=torch', 'run.compute_mode=IPU', 'run.minibatch_size=2', 'run.iterations=10', 'run.precision=3', 'hydra/job_logging=disabled']
[1,4]<stdout>:2023-02-03 18:29:34,590 - INFO - Running Training
[1,3]<stdout>:2023-02-03 18:29:34,592 - INFO - Dumping launch arguments.
[1,3]<stdout>:2023-02-03 18:29:34,592 - INFO - ['bin/exec.py', '--config-name=a21', 'mode=train', 'run.id=', 'run.distributed=False', 'data=real', 'data.data_directory=/lambda_stor/data/datascience/cosmic_tagging/', 'framework=torch', 'run.compute_mode=IPU', 'run.minibatch_size=2', 'run.iterations=10', 'run.precision=3', 'hydra/job_logging=disabled']
[1,3]<stdout>:2023-02-03 18:29:34,592 - INFO - Running Training
[1,1]<stdout>:2023-02-03 18:29:34,593 - INFO - 
[1,1]<stdout>:
[1,1]<stdout>:-- CONFIG --
[1,1]<stdout>:data: 
[1,1]<stdout>:  aux_file....................: cosmic_tagging_val.h5
[1,1]<stdout>:  data_directory..............: /lambda_stor/data/datascience/cosmic_tagging/
[1,1]<stdout>:  data_format.................: channels_first
[1,1]<stdout>:  downsample..................: 1
[1,1]<stdout>:  file........................: cosmic_tagging_train.h5
[1,1]<stdout>:  img_transform...............: False
[1,1]<stdout>:  synthetic...................: False
[1,1]<stdout>:framework: 
[1,1]<stdout>:  distributed_mode............: DDP
[1,1]<stdout>:  name........................: torch
[1,1]<stdout>:  sparse......................: False
[1,1]<stdout>:mode: 
[1,1]<stdout>:  checkpoint_iteration........: 500
[1,1]<stdout>:  logging_iteration...........: 1
[1,1]<stdout>:  name........................: train
[1,1]<stdout>:  no_summary_images...........: True
[1,1]<stdout>:  optimizer: 
[1,1]<stdout>:    gradient_accumulation.....: 1
[1,1]<stdout>:    learning_rate.............: 0.0003
[1,1]<stdout>:    loss_balance_scheme.......: focal
[1,1]<stdout>:    name......................: adam
[1,1]<stdout>:  quantization_aware..........: False
[1,1]<stdout>:  summary_iteration...........: 1
[1,1]<stdout>:  weights_location............: 
[1,1]<stdout>:network: 
[1,1]<stdout>:  bias........................: True
[1,1]<stdout>:  block_concat................: False
[1,1]<stdout>:  blocks_deepest_layer........: 5
[1,1]<stdout>:  blocks_final................: 5
[1,1]<stdout>:  blocks_per_layer............: 2
[1,1]<stdout>:  bottleneck_deepest..........: 256
[1,1]<stdout>:  connections.................: concat
[1,1]<stdout>:  conv_mode...................: conv_2D
[1,1]<stdout>:  data_format.................: channels_first
[1,1]<stdout>:  depth.......................: 6
[1,1]<stdout>:  downsampling................: max_pooling
[1,1]<stdout>:  filter_size_deepest.........: 5
[1,1]<stdout>:  growth_rate.................: additive
[1,1]<stdout>:  n_initial_filters...........: 8
[1,1]<stdout>:  name........................: A21
[1,1]<stdout>:  normalization...............: batch
[1,1]<stdout>:  residual....................: False
[1,1]<stdout>:  upsampling..................: interpolation
[1,1]<stdout>:  weight_decay................: 0.1
[1,1]<stdout>:output_dir....................: output/torch/A21//
[1,1]<stdout>:run: 
[1,1]<stdout>:  aux_iterations..............: 10
[1,1]<stdout>:  compute_mode................: IPU
[1,1]<stdout>:  distributed.................: False
[1,1]<stdout>:  id..........................: 
[1,1]<stdout>:  iterations..................: 10
[1,1]<stdout>:  minibatch_size..............: 2
[1,1]<stdout>:  precision...................: float16
[1,1]<stdout>:  profile.....................: False
[1,1]<stdout>:
[1,2]<stdout>:2023-02-03 18:29:34,594 - INFO - 
[1,2]<stdout>:
[1,2]<stdout>:-- CONFIG --
[1,2]<stdout>:data: 
[1,2]<stdout>:  aux_file....................: cosmic_tagging_val.h5
[1,2]<stdout>:  data_directory..............: /lambda_stor/data/datascience/cosmic_tagging/
[1,2]<stdout>:  data_format.................: channels_first
[1,2]<stdout>:  downsample..................: 1
[1,2]<stdout>:  file........................: cosmic_tagging_train.h5
[1,2]<stdout>:  img_transform...............: False
[1,2]<stdout>:  synthetic...................: False
[1,2]<stdout>:framework: 
[1,2]<stdout>:  distributed_mode............: DDP
[1,2]<stdout>:  name........................: torch
[1,2]<stdout>:  sparse......................: False
[1,2]<stdout>:mode: 
[1,2]<stdout>:  checkpoint_iteration........: 500
[1,2]<stdout>:  logging_iteration...........: 1
[1,2]<stdout>:  name........................: train
[1,2]<stdout>:  no_summary_images...........: True
[1,2]<stdout>:  optimizer: 
[1,2]<stdout>:    gradient_accumulation.....: 1
[1,2]<stdout>:    learning_rate.............: 0.0003
[1,2]<stdout>:    loss_balance_scheme.......: focal
[1,2]<stdout>:    name......................: adam
[1,2]<stdout>:  quantization_aware..........: False
[1,2]<stdout>:  summary_iteration...........: 1
[1,2]<stdout>:  weights_location............: 
[1,2]<stdout>:network: 
[1,2]<stdout>:  bias........................: True
[1,2]<stdout>:  block_concat................: False
[1,2]<stdout>:  blocks_deepest_layer........: 5
[1,2]<stdout>:  blocks_final................: 5
[1,2]<stdout>:  blocks_per_layer............: 2
[1,2]<stdout>:  bottleneck_deepest..........: 256
[1,2]<stdout>:  connections.................: concat
[1,2]<stdout>:  conv_mode...................: conv_2D
[1,2]<stdout>:  data_format.................: channels_first
[1,2]<stdout>:  depth.......................: 6
[1,2]<stdout>:  downsampling................: max_pooling
[1,2]<stdout>:  filter_size_deepest.........: 5
[1,2]<stdout>:  growth_rate.................: additive
[1,2]<stdout>:  n_initial_filters...........: 8
[1,2]<stdout>:  name........................: A21
[1,2]<stdout>:  normalization...............: batch
[1,2]<stdout>:  residual....................: False
[1,2]<stdout>:  upsampling..................: interpolation
[1,2]<stdout>:  weight_decay................: 0.1
[1,2]<stdout>:output_dir....................: output/torch/A21//
[1,2]<stdout>:run: 
[1,2]<stdout>:  aux_iterations..............: 10
[1,2]<stdout>:  compute_mode................: IPU
[1,2]<stdout>:  distributed.................: False
[1,2]<stdout>:  id..........................: 
[1,2]<stdout>:  iterations..................: 10
[1,2]<stdout>:  minibatch_size..............: 2
[1,2]<stdout>:  precision...................: float16
[1,2]<stdout>:  profile.....................: False
[1,2]<stdout>:
[1,5]<stdout>:2023-02-03 18:29:34,595 - INFO - 
[1,5]<stdout>:
[1,5]<stdout>:-- CONFIG --
[1,5]<stdout>:data: 
[1,5]<stdout>:  aux_file....................: cosmic_tagging_val.h5
[1,5]<stdout>:  data_directory..............: /lambda_stor/data/datascience/cosmic_tagging/
[1,5]<stdout>:  data_format.................: channels_first
[1,5]<stdout>:  downsample..................: 1
[1,5]<stdout>:  file........................: cosmic_tagging_train.h5
[1,5]<stdout>:  img_transform...............: False
[1,5]<stdout>:  synthetic...................: False
[1,5]<stdout>:framework: 
[1,5]<stdout>:  distributed_mode............: DDP
[1,5]<stdout>:  name........................: torch
[1,5]<stdout>:  sparse......................: False
[1,5]<stdout>:mode: 
[1,5]<stdout>:  checkpoint_iteration........: 500
[1,5]<stdout>:  logging_iteration...........: 1
[1,5]<stdout>:  name........................: train
[1,5]<stdout>:  no_summary_images...........: True
[1,5]<stdout>:  optimizer: 
[1,5]<stdout>:    gradient_accumulation.....: 1
[1,5]<stdout>:    learning_rate.............: 0.0003
[1,5]<stdout>:    loss_balance_scheme.......: focal
[1,5]<stdout>:    name......................: adam
[1,5]<stdout>:  quantization_aware..........: False
[1,5]<stdout>:  summary_iteration...........: 1
[1,5]<stdout>:  weights_location............: 
[1,5]<stdout>:network: 
[1,5]<stdout>:  bias........................: True
[1,5]<stdout>:  block_concat................: False
[1,5]<stdout>:  blocks_deepest_layer........: 5
[1,5]<stdout>:  blocks_final................: 5
[1,5]<stdout>:  blocks_per_layer............: 2
[1,5]<stdout>:  bottleneck_deepest..........: 256
[1,5]<stdout>:  connections.................: concat
[1,5]<stdout>:  conv_mode...................: conv_2D
[1,5]<stdout>:  data_format.................: channels_first
[1,5]<stdout>:  depth.......................: 6
[1,5]<stdout>:  downsampling................: max_pooling
[1,5]<stdout>:  filter_size_deepest.........: 5
[1,5]<stdout>:  growth_rate.................: additive
[1,5]<stdout>:  n_initial_filters...........: 8
[1,5]<stdout>:  name........................: A21
[1,5]<stdout>:  normalization...............: batch
[1,5]<stdout>:  residual....................: False
[1,5]<stdout>:  upsampling..................: interpolation
[1,5]<stdout>:  weight_decay................: 0.1
[1,5]<stdout>:output_dir....................: output/torch/A21//
[1,5]<stdout>:run: 
[1,5]<stdout>:  aux_iterations..............: 10
[1,5]<stdout>:  compute_mode................: IPU
[1,5]<stdout>:  distributed.................: False
[1,5]<stdout>:  id..........................: 
[1,5]<stdout>:  iterations..................: 10
[1,5]<stdout>:  minibatch_size..............: 2
[1,5]<stdout>:  precision...................: float16
[1,5]<stdout>:  profile.....................: False
[1,5]<stdout>:
[1,7]<stdout>:2023-02-03 18:29:34,595 - INFO - Dumping launch arguments.
[1,7]<stdout>:2023-02-03 18:29:34,595 - INFO - ['bin/exec.py', '--config-name=a21', 'mode=train', 'run.id=', 'run.distributed=False', 'data=real', 'data.data_directory=/lambda_stor/data/datascience/cosmic_tagging/', 'framework=torch', 'run.compute_mode=IPU', 'run.minibatch_size=2', 'run.iterations=10', 'run.precision=3', 'hydra/job_logging=disabled']
[1,7]<stdout>:2023-02-03 18:29:34,595 - INFO - Running Training
[1,0]<stdout>:2023-02-03 18:29:34,596 - INFO - 
[1,0]<stdout>:
[1,0]<stdout>:-- CONFIG --
[1,0]<stdout>:data: 
[1,0]<stdout>:  aux_file....................: cosmic_tagging_val.h5
[1,0]<stdout>:  data_directory..............: /lambda_stor/data/datascience/cosmic_tagging/
[1,0]<stdout>:  data_format.................: channels_first
[1,0]<stdout>:  downsample..................: 1
[1,0]<stdout>:  file........................: cosmic_tagging_train.h5
[1,0]<stdout>:  img_transform...............: False
[1,0]<stdout>:  synthetic...................: False
[1,0]<stdout>:framework: 
[1,0]<stdout>:  distributed_mode............: DDP
[1,0]<stdout>:  name........................: torch
[1,0]<stdout>:  sparse......................: False
[1,0]<stdout>:mode: 
[1,0]<stdout>:  checkpoint_iteration........: 500
[1,0]<stdout>:  logging_iteration...........: 1
[1,0]<stdout>:  name........................: train
[1,0]<stdout>:  no_summary_images...........: True
[1,0]<stdout>:  optimizer: 
[1,0]<stdout>:    gradient_accumulation.....: 1
[1,0]<stdout>:    learning_rate.............: 0.0003
[1,0]<stdout>:    loss_balance_scheme.......: focal
[1,0]<stdout>:    name......................: adam
[1,0]<stdout>:  quantization_aware..........: False
[1,0]<stdout>:  summary_iteration...........: 1
[1,0]<stdout>:  weights_location............: 
[1,0]<stdout>:network: 
[1,0]<stdout>:  bias........................: True
[1,0]<stdout>:  block_concat................: False
[1,0]<stdout>:  blocks_deepest_layer........: 5
[1,0]<stdout>:  blocks_final................: 5
[1,0]<stdout>:  blocks_per_layer............: 2
[1,0]<stdout>:  bottleneck_deepest..........: 256
[1,0]<stdout>:  connections.................: concat
[1,0]<stdout>:  conv_mode...................: conv_2D
[1,0]<stdout>:  data_format.................: channels_first
[1,0]<stdout>:  depth.......................: 6
[1,0]<stdout>:  downsampling................: max_pooling
[1,0]<stdout>:  filter_size_deepest.........: 5
[1,0]<stdout>:  growth_rate.................: additive
[1,0]<stdout>:  n_initial_filters...........: 8
[1,0]<stdout>:  name........................: A21
[1,0]<stdout>:  normalization...............: batch
[1,0]<stdout>:  residual....................: False
[1,0]<stdout>:  upsampling..................: interpolation
[1,0]<stdout>:  weight_decay................: 0.1
[1,0]<stdout>:output_dir....................: output/torch/A21//
[1,0]<stdout>:run: 
[1,0]<stdout>:  aux_iterations..............: 10
[1,0]<stdout>:  compute_mode................: IPU
[1,0]<stdout>:  distributed.................: False
[1,0]<stdout>:  id..........................: 
[1,0]<stdout>:  iterations..................: 10
[1,0]<stdout>:  minibatch_size..............: 2
[1,0]<stdout>:  precision...................: float16
[1,0]<stdout>:  profile.....................: False
[1,0]<stdout>:
[1,4]<stdout>:2023-02-03 18:29:34,597 - INFO - 
[1,4]<stdout>:
[1,4]<stdout>:-- CONFIG --
[1,4]<stdout>:data: 
[1,4]<stdout>:  aux_file....................: cosmic_tagging_val.h5
[1,4]<stdout>:  data_directory..............: /lambda_stor/data/datascience/cosmic_tagging/
[1,4]<stdout>:  data_format.................: channels_first
[1,4]<stdout>:  downsample..................: 1
[1,4]<stdout>:  file........................: cosmic_tagging_train.h5
[1,4]<stdout>:  img_transform...............: False
[1,4]<stdout>:  synthetic...................: False
[1,4]<stdout>:framework: 
[1,4]<stdout>:  distributed_mode............: DDP
[1,4]<stdout>:  name........................: torch
[1,4]<stdout>:  sparse......................: False
[1,4]<stdout>:mode: 
[1,4]<stdout>:  checkpoint_iteration........: 500
[1,4]<stdout>:  logging_iteration...........: 1
[1,4]<stdout>:  name........................: train
[1,4]<stdout>:  no_summary_images...........: True
[1,4]<stdout>:  optimizer: 
[1,4]<stdout>:    gradient_accumulation.....: 1
[1,4]<stdout>:    learning_rate.............: 0.0003
[1,4]<stdout>:    loss_balance_scheme.......: focal
[1,4]<stdout>:    name......................: adam
[1,4]<stdout>:  quantization_aware..........: False
[1,4]<stdout>:  summary_iteration...........: 1
[1,4]<stdout>:  weights_location............: 
[1,4]<stdout>:network: 
[1,4]<stdout>:  bias........................: True
[1,4]<stdout>:  block_concat................: False
[1,4]<stdout>:  blocks_deepest_layer........: 5
[1,4]<stdout>:  blocks_final................: 5
[1,4]<stdout>:  blocks_per_layer............: 2
[1,4]<stdout>:  bottleneck_deepest..........: 256
[1,4]<stdout>:  connections.................: concat
[1,4]<stdout>:  conv_mode...................: conv_2D
[1,4]<stdout>:  data_format.................: channels_first
[1,4]<stdout>:  depth.......................: 6
[1,4]<stdout>:  downsampling................: max_pooling
[1,4]<stdout>:  filter_size_deepest.........: 5
[1,4]<stdout>:  growth_rate.................: additive
[1,4]<stdout>:  n_initial_filters...........: 8
[1,4]<stdout>:  name........................: A21
[1,4]<stdout>:  normalization...............: batch
[1,4]<stdout>:  residual....................: False
[1,4]<stdout>:  upsampling..................: interpolation
[1,4]<stdout>:  weight_decay................: 0.1
[1,4]<stdout>:output_dir....................: output/torch/A21//
[1,4]<stdout>:run: 
[1,4]<stdout>:  aux_iterations..............: 10
[1,4]<stdout>:  compute_mode................: IPU
[1,4]<stdout>:  distributed.................: False
[1,4]<stdout>:  id..........................: 
[1,4]<stdout>:  iterations..................: 10
[1,4]<stdout>:  minibatch_size..............: 2
[1,4]<stdout>:  precision...................: float16
[1,4]<stdout>:  profile.....................: False
[1,4]<stdout>:
[1,3]<stdout>:2023-02-03 18:29:34,599 - INFO - 
[1,3]<stdout>:
[1,3]<stdout>:-- CONFIG --
[1,3]<stdout>:data: 
[1,3]<stdout>:  aux_file....................: cosmic_tagging_val.h5
[1,3]<stdout>:  data_directory..............: /lambda_stor/data/datascience/cosmic_tagging/
[1,3]<stdout>:  data_format.................: channels_first
[1,3]<stdout>:  downsample..................: 1
[1,3]<stdout>:  file........................: cosmic_tagging_train.h5
[1,3]<stdout>:  img_transform...............: False
[1,3]<stdout>:  synthetic...................: False
[1,3]<stdout>:framework: 
[1,3]<stdout>:  distributed_mode............: DDP
[1,3]<stdout>:  name........................: torch
[1,3]<stdout>:  sparse......................: False
[1,3]<stdout>:mode: 
[1,3]<stdout>:  checkpoint_iteration........: 500
[1,3]<stdout>:  logging_iteration...........: 1
[1,3]<stdout>:  name........................: train
[1,3]<stdout>:  no_summary_images...........: True
[1,3]<stdout>:  optimizer: 
[1,3]<stdout>:    gradient_accumulation.....: 1
[1,3]<stdout>:    learning_rate.............: 0.0003
[1,3]<stdout>:    loss_balance_scheme.......: focal
[1,3]<stdout>:    name......................: adam
[1,3]<stdout>:  quantization_aware..........: False
[1,3]<stdout>:  summary_iteration...........: 1
[1,3]<stdout>:  weights_location............: 
[1,3]<stdout>:network: 
[1,3]<stdout>:  bias........................: True
[1,3]<stdout>:  block_concat................: False
[1,3]<stdout>:  blocks_deepest_layer........: 5
[1,3]<stdout>:  blocks_final................: 5
[1,3]<stdout>:  blocks_per_layer............: 2
[1,3]<stdout>:  bottleneck_deepest..........: 256
[1,3]<stdout>:  connections.................: concat
[1,3]<stdout>:  conv_mode...................: conv_2D
[1,3]<stdout>:  data_format.................: channels_first
[1,3]<stdout>:  depth.......................: 6
[1,3]<stdout>:  downsampling................: max_pooling
[1,3]<stdout>:  filter_size_deepest.........: 5
[1,3]<stdout>:  growth_rate.................: additive
[1,3]<stdout>:  n_initial_filters...........: 8
[1,3]<stdout>:  name........................: A21
[1,3]<stdout>:  normalization...............: batch
[1,3]<stdout>:  residual....................: False
[1,3]<stdout>:  upsampling..................: interpolation
[1,3]<stdout>:  weight_decay................: 0.1
[1,3]<stdout>:output_dir....................: output/torch/A21//
[1,3]<stdout>:run: 
[1,3]<stdout>:  aux_iterations..............: 10
[1,3]<stdout>:  compute_mode................: IPU
[1,3]<stdout>:  distributed.................: False
[1,3]<stdout>:  id..........................: 
[1,3]<stdout>:  iterations..................: 10
[1,3]<stdout>:  minibatch_size..............: 2
[1,3]<stdout>:  precision...................: float16
[1,3]<stdout>:  profile.....................: False
[1,3]<stdout>:
[1,6]<stdout>:2023-02-03 18:29:34,600 - INFO - Dumping launch arguments.
[1,6]<stdout>:2023-02-03 18:29:34,600 - INFO - ['bin/exec.py', '--config-name=a21', 'mode=train', 'run.id=', 'run.distributed=False', 'data=real', 'data.data_directory=/lambda_stor/data/datascience/cosmic_tagging/', 'framework=torch', 'run.compute_mode=IPU', 'run.minibatch_size=2', 'run.iterations=10', 'run.precision=3', 'hydra/job_logging=disabled']
[1,6]<stdout>:2023-02-03 18:29:34,600 - INFO - Running Training
[1,7]<stdout>:2023-02-03 18:29:34,602 - INFO - 
[1,7]<stdout>:
[1,7]<stdout>:-- CONFIG --
[1,7]<stdout>:data: 
[1,7]<stdout>:  aux_file....................: cosmic_tagging_val.h5
[1,7]<stdout>:  data_directory..............: /lambda_stor/data/datascience/cosmic_tagging/
[1,7]<stdout>:  data_format.................: channels_first
[1,7]<stdout>:  downsample..................: 1
[1,7]<stdout>:  file........................: cosmic_tagging_train.h5
[1,7]<stdout>:  img_transform...............: False
[1,7]<stdout>:  synthetic...................: False
[1,7]<stdout>:framework: 
[1,7]<stdout>:  distributed_mode............: DDP
[1,7]<stdout>:  name........................: torch
[1,7]<stdout>:  sparse......................: False
[1,7]<stdout>:mode: 
[1,7]<stdout>:  checkpoint_iteration........: 500
[1,7]<stdout>:  logging_iteration...........: 1
[1,7]<stdout>:  name........................: train
[1,7]<stdout>:  no_summary_images...........: True
[1,7]<stdout>:  optimizer: 
[1,7]<stdout>:    gradient_accumulation.....: 1
[1,7]<stdout>:    learning_rate.............: 0.0003
[1,7]<stdout>:    loss_balance_scheme.......: focal
[1,7]<stdout>:    name......................: adam
[1,7]<stdout>:  quantization_aware..........: False
[1,7]<stdout>:  summary_iteration...........: 1
[1,7]<stdout>:  weights_location............: 
[1,7]<stdout>:network: 
[1,7]<stdout>:  bias........................: True
[1,7]<stdout>:  block_concat................: False
[1,7]<stdout>:  blocks_deepest_layer........: 5
[1,7]<stdout>:  blocks_final................: 5
[1,7]<stdout>:  blocks_per_layer............: 2
[1,7]<stdout>:  bottleneck_deepest..........: 256
[1,7]<stdout>:  connections.................: concat
[1,7]<stdout>:  conv_mode...................: conv_2D
[1,7]<stdout>:  data_format.................: channels_first
[1,7]<stdout>:  depth.......................: 6
[1,7]<stdout>:  downsampling................: max_pooling
[1,7]<stdout>:  filter_size_deepest.........: 5
[1,7]<stdout>:  growth_rate.................: additive
[1,7]<stdout>:  n_initial_filters...........: 8
[1,7]<stdout>:  name........................: A21
[1,7]<stdout>:  normalization...............: batch
[1,7]<stdout>:  residual....................: False
[1,7]<stdout>:  upsampling..................: interpolation
[1,7]<stdout>:  weight_decay................: 0.1
[1,7]<stdout>:output_dir....................: output/torch/A21//
[1,7]<stdout>:run: 
[1,7]<stdout>:  aux_iterations..............: 10
[1,7]<stdout>:  compute_mode................: IPU
[1,7]<stdout>:  distributed.................: False
[1,7]<stdout>:  id..........................: 
[1,7]<stdout>:  iterations..................: 10
[1,7]<stdout>:  minibatch_size..............: 2
[1,7]<stdout>:  precision...................: float16
[1,7]<stdout>:  profile.....................: False
[1,7]<stdout>:
[1,6]<stdout>:2023-02-03 18:29:34,606 - INFO - 
[1,6]<stdout>:
[1,6]<stdout>:-- CONFIG --
[1,6]<stdout>:data: 
[1,6]<stdout>:  aux_file....................: cosmic_tagging_val.h5
[1,6]<stdout>:  data_directory..............: /lambda_stor/data/datascience/cosmic_tagging/
[1,6]<stdout>:  data_format.................: channels_first
[1,6]<stdout>:  downsample..................: 1
[1,6]<stdout>:  file........................: cosmic_tagging_train.h5
[1,6]<stdout>:  img_transform...............: False
[1,6]<stdout>:  synthetic...................: False
[1,6]<stdout>:framework: 
[1,6]<stdout>:  distributed_mode............: DDP
[1,6]<stdout>:  name........................: torch
[1,6]<stdout>:  sparse......................: False
[1,6]<stdout>:mode: 
[1,6]<stdout>:  checkpoint_iteration........: 500
[1,6]<stdout>:  logging_iteration...........: 1
[1,6]<stdout>:  name........................: train
[1,6]<stdout>:  no_summary_images...........: True
[1,6]<stdout>:  optimizer: 
[1,6]<stdout>:    gradient_accumulation.....: 1
[1,6]<stdout>:    learning_rate.............: 0.0003
[1,6]<stdout>:    loss_balance_scheme.......: focal
[1,6]<stdout>:    name......................: adam
[1,6]<stdout>:  quantization_aware..........: False
[1,6]<stdout>:  summary_iteration...........: 1
[1,6]<stdout>:  weights_location............: 
[1,6]<stdout>:network: 
[1,6]<stdout>:  bias........................: True
[1,6]<stdout>:  block_concat................: False
[1,6]<stdout>:  blocks_deepest_layer........: 5
[1,6]<stdout>:  blocks_final................: 5
[1,6]<stdout>:  blocks_per_layer............: 2
[1,6]<stdout>:  bottleneck_deepest..........: 256
[1,6]<stdout>:  connections.................: concat
[1,6]<stdout>:  conv_mode...................: conv_2D
[1,6]<stdout>:  data_format.................: channels_first
[1,6]<stdout>:  depth.......................: 6
[1,6]<stdout>:  downsampling................: max_pooling
[1,6]<stdout>:  filter_size_deepest.........: 5
[1,6]<stdout>:  growth_rate.................: additive
[1,6]<stdout>:  n_initial_filters...........: 8
[1,6]<stdout>:  name........................: A21
[1,6]<stdout>:  normalization...............: batch
[1,6]<stdout>:  residual....................: False
[1,6]<stdout>:  upsampling..................: interpolation
[1,6]<stdout>:  weight_decay................: 0.1
[1,6]<stdout>:output_dir....................: output/torch/A21//
[1,6]<stdout>:run: 
[1,6]<stdout>:  aux_iterations..............: 10
[1,6]<stdout>:  compute_mode................: IPU
[1,6]<stdout>:  distributed.................: False
[1,6]<stdout>:  id..........................: 
[1,6]<stdout>:  iterations..................: 10
[1,6]<stdout>:  minibatch_size..............: 2
[1,6]<stdout>:  precision...................: float16
[1,6]<stdout>:  profile.....................: False
[1,6]<stdout>:
[1,1]<stdout>:2023-02-03 18:29:40,494 - INFO - Larcv file prepared
[1,6]<stdout>:2023-02-03 18:29:40,504 - INFO - Larcv file prepared
[1,7]<stdout>:2023-02-03 18:29:40,515 - INFO - Larcv file prepared
[1,0]<stdout>:2023-02-03 18:29:40,535 - INFO - Larcv file prepared
[1,3]<stdout>:2023-02-03 18:29:40,535 - INFO - Larcv file prepared
[1,2]<stdout>:2023-02-03 18:29:40,535 - INFO - Larcv file prepared
[1,4]<stdout>:2023-02-03 18:29:40,535 - INFO - Larcv file prepared
[1,5]<stdout>:2023-02-03 18:29:40,664 - INFO - Larcv file prepared
[1,7]<stdout>:2023-02-03 18:29:40,676 - INFO - Larcv file prepared
[1,1]<stdout>:2023-02-03 18:29:40,685 - INFO - Larcv file prepared
[1,3]<stdout>:2023-02-03 18:29:40,726 - INFO - Larcv file prepared
[1,4]<stdout>:2023-02-03 18:29:40,726 - INFO - Larcv file prepared
[1,2]<stdout>:2023-02-03 18:29:40,736 - INFO - Larcv file prepared
[1,6]<stdout>:2023-02-03 18:29:40,767 - INFO - Larcv file prepared
[1,0]<stdout>:2023-02-03 18:29:40,797 - INFO - Larcv file prepared
[1,1]<stdout>:2023-02-03 18:29:40,807 - INFO - Total number of trainable parameters in this network: 8525699
[1,7]<stdout>:2023-02-03 18:29:40,817 - INFO - Total number of trainable parameters in this network: 8525699
[1,1]<stderr>:2023-02-03 18:29:40.830683: I tensorflow/core/platform/cpu_feature_guard.cc:193] This TensorFlow binary is optimized with oneAPI Deep Neural Network Library (oneDNN) to use the following CPU instructions in performance-critical operations:  AVX2 FMA
[1,1]<stderr>:To enable them in other operations, rebuild TensorFlow with the appropriate compiler flags.
[1,7]<stderr>:2023-02-03 18:29:40.835135: I tensorflow/core/platform/cpu_feature_guard.cc:193] This TensorFlow binary is optimized with oneAPI Deep Neural Network Library (oneDNN) to use the following CPU instructions in performance-critical operations:  AVX2 FMA
[1,7]<stderr>:To enable them in other operations, rebuild TensorFlow with the appropriate compiler flags.
[1,3]<stdout>:2023-02-03 18:29:40,849 - INFO - Total number of trainable parameters in this network: 8525699
[1,4]<stdout>:2023-02-03 18:29:40,849 - INFO - Total number of trainable parameters in this network: 8525699
[1,2]<stdout>:2023-02-03 18:29:40,858 - INFO - Total number of trainable parameters in this network: 8525699
[1,3]<stderr>:2023-02-03 18:29:40.868930: I tensorflow/core/platform/cpu_feature_guard.cc:193] This TensorFlow binary is optimized with oneAPI Deep Neural Network Library (oneDNN) to use the following CPU instructions in performance-critical operations:  AVX2 FMA
[1,3]<stderr>:To enable them in other operations, rebuild TensorFlow with the appropriate compiler flags.
[1,4]<stderr>:2023-02-03 18:29:40.871153: I tensorflow/core/platform/cpu_feature_guard.cc:193] This TensorFlow binary is optimized with oneAPI Deep Neural Network Library (oneDNN) to use the following CPU instructions in performance-critical operations:  AVX2 FMA
[1,4]<stderr>:To enable them in other operations, rebuild TensorFlow with the appropriate compiler flags.
[1,2]<stderr>:2023-02-03 18:29:40.878794: I tensorflow/core/platform/cpu_feature_guard.cc:193] This TensorFlow binary is optimized with oneAPI Deep Neural Network Library (oneDNN) to use the following CPU instructions in performance-critical operations:  AVX2 FMA
[1,2]<stderr>:To enable them in other operations, rebuild TensorFlow with the appropriate compiler flags.
[1,6]<stdout>:2023-02-03 18:29:40,891 - INFO - Total number of trainable parameters in this network: 8525699
[1,6]<stderr>:2023-02-03 18:29:40.905961: I tensorflow/core/platform/cpu_feature_guard.cc:193] This TensorFlow binary is optimized with oneAPI Deep Neural Network Library (oneDNN) to use the following CPU instructions in performance-critical operations:  AVX2 FMA
[1,6]<stderr>:To enable them in other operations, rebuild TensorFlow with the appropriate compiler flags.
[1,0]<stdout>:2023-02-03 18:29:40,919 - INFO - Total number of trainable parameters in this network: 8525699
[1,0]<stderr>:2023-02-03 18:29:40.933844: I tensorflow/core/platform/cpu_feature_guard.cc:193] This TensorFlow binary is optimized with oneAPI Deep Neural Network Library (oneDNN) to use the following CPU instructions in performance-critical operations:  AVX2 FMA
[1,0]<stderr>:To enable them in other operations, rebuild TensorFlow with the appropriate compiler flags.
[1,5]<stdout>:2023-02-03 18:29:40,951 - INFO - Larcv file prepared
[1,1]<stderr>:2023-02-03 18:29:40.967688: W tensorflow/compiler/xla/stream_executor/platform/default/dso_loader.cc:64] Could not load dynamic library 'libcudart.so.11.0'; dlerror: libcudart.so.11.0: cannot open shared object file: No such file or directory; LD_LIBRARY_PATH: /software/graphcore/poplar_sdk/3.1.0/poplar-ubuntu_20_04-3.1.0+6824-9c103dc348/lib:/software/graphcore/poplar_sdk/3.1.0/popart-ubuntu_20_04-3.1.0+6824-9c103dc348/lib:/software/graphcore/poplar_sdk/3.1.0/poplar-ubuntu_20_04-3.1.0+6824-9c103dc348/lib
[1,1]<stderr>:2023-02-03 18:29:40.967722: I tensorflow/compiler/xla/stream_executor/cuda/cudart_stub.cc:29] Ignore above cudart dlerror if you do not have a GPU set up on your machine.
[1,7]<stderr>:2023-02-03 18:29:40.997340: W tensorflow/compiler/xla/stream_executor/platform/default/dso_loader.cc:64] Could not load dynamic library 'libcudart.so.11.0'; dlerror: libcudart.so.11.0: cannot open shared object file: No such file or directory; LD_LIBRARY_PATH: /software/graphcore/poplar_sdk/3.1.0/poplar-ubuntu_20_04-3.1.0+6824-9c103dc348/lib:/software/graphcore/poplar_sdk/3.1.0/popart-ubuntu_20_04-3.1.0+6824-9c103dc348/lib:/software/graphcore/poplar_sdk/3.1.0/poplar-ubuntu_20_04-3.1.0+6824-9c103dc348/lib
[1,7]<stderr>:2023-02-03 18:29:40.997377: I tensorflow/compiler/xla/stream_executor/cuda/cudart_stub.cc:29] Ignore above cudart dlerror if you do not have a GPU set up on your machine.
[1,3]<stderr>:2023-02-03 18:29:41.004427: W tensorflow/compiler/xla/stream_executor/platform/default/dso_loader.cc:64] Could not load dynamic library 'libcudart.so.11.0'; dlerror: libcudart.so.11.0: cannot open shared object file: No such file or directory; LD_LIBRARY_PATH: /software/graphcore/poplar_sdk/3.1.0/poplar-ubuntu_20_04-3.1.0+6824-9c103dc348/lib:/software/graphcore/poplar_sdk/3.1.0/popart-ubuntu_20_04-3.1.0+6824-9c103dc348/lib:/software/graphcore/poplar_sdk/3.1.0/poplar-ubuntu_20_04-3.1.0+6824-9c103dc348/lib
[1,3]<stderr>:2023-02-03 18:29:41.004461: I tensorflow/compiler/xla/stream_executor/cuda/cudart_stub.cc:29] Ignore above cudart dlerror if you do not have a GPU set up on your machine.
[1,4]<stderr>:2023-02-03 18:29:41.008516: W tensorflow/compiler/xla/stream_executor/platform/default/dso_loader.cc:64] Could not load dynamic library 'libcudart.so.11.0'; dlerror: libcudart.so.11.0: cannot open shared object file: No such file or directory; LD_LIBRARY_PATH: /software/graphcore/poplar_sdk/3.1.0/poplar-ubuntu_20_04-3.1.0+6824-9c103dc348/lib:/software/graphcore/poplar_sdk/3.1.0/popart-ubuntu_20_04-3.1.0+6824-9c103dc348/lib:/software/graphcore/poplar_sdk/3.1.0/poplar-ubuntu_20_04-3.1.0+6824-9c103dc348/lib
[1,4]<stderr>:2023-02-03 18:29:41.008551: I tensorflow/compiler/xla/stream_executor/cuda/cudart_stub.cc:29] Ignore above cudart dlerror if you do not have a GPU set up on your machine.
[1,2]<stderr>:2023-02-03 18:29:41.011316: W tensorflow/compiler/xla/stream_executor/platform/default/dso_loader.cc:64] Could not load dynamic library 'libcudart.so.11.0'; dlerror: libcudart.so.11.0: cannot open shared object file: No such file or directory; LD_LIBRARY_PATH: /software/graphcore/poplar_sdk/3.1.0/poplar-ubuntu_20_04-3.1.0+6824-9c103dc348/lib:/software/graphcore/poplar_sdk/3.1.0/popart-ubuntu_20_04-3.1.0+6824-9c103dc348/lib:/software/graphcore/poplar_sdk/3.1.0/poplar-ubuntu_20_04-3.1.0+6824-9c103dc348/lib
[1,2]<stderr>:2023-02-03 18:29:41.011348: I tensorflow/compiler/xla/stream_executor/cuda/cudart_stub.cc:29] Ignore above cudart dlerror if you do not have a GPU set up on your machine.
[1,6]<stderr>:2023-02-03 18:29:41.041514: W tensorflow/compiler/xla/stream_executor/platform/default/dso_loader.cc:64] Could not load dynamic library 'libcudart.so.11.0'; dlerror: libcudart.so.11.0: cannot open shared object file: No such file or directory; LD_LIBRARY_PATH: /software/graphcore/poplar_sdk/3.1.0/poplar-ubuntu_20_04-3.1.0+6824-9c103dc348/lib:/software/graphcore/poplar_sdk/3.1.0/popart-ubuntu_20_04-3.1.0+6824-9c103dc348/lib:/software/graphcore/poplar_sdk/3.1.0/poplar-ubuntu_20_04-3.1.0+6824-9c103dc348/lib
[1,6]<stderr>:2023-02-03 18:29:41.041552: I tensorflow/compiler/xla/stream_executor/cuda/cudart_stub.cc:29] Ignore above cudart dlerror if you do not have a GPU set up on your machine.
[1,5]<stdout>:2023-02-03 18:29:41,073 - INFO - Total number of trainable parameters in this network: 8525699
[1,0]<stderr>:2023-02-03 18:29:41.085987: W tensorflow/compiler/xla/stream_executor/platform/default/dso_loader.cc:64] Could not load dynamic library 'libcudart.so.11.0'; dlerror: libcudart.so.11.0: cannot open shared object file: No such file or directory; LD_LIBRARY_PATH: /software/graphcore/poplar_sdk/3.1.0/poplar-ubuntu_20_04-3.1.0+6824-9c103dc348/lib:/software/graphcore/poplar_sdk/3.1.0/popart-ubuntu_20_04-3.1.0+6824-9c103dc348/lib:/software/graphcore/poplar_sdk/3.1.0/poplar-ubuntu_20_04-3.1.0+6824-9c103dc348/lib
[1,0]<stderr>:2023-02-03 18:29:41.086028: I tensorflow/compiler/xla/stream_executor/cuda/cudart_stub.cc:29] Ignore above cudart dlerror if you do not have a GPU set up on your machine.
[1,5]<stderr>:2023-02-03 18:29:41.122973: I tensorflow/core/platform/cpu_feature_guard.cc:193] This TensorFlow binary is optimized with oneAPI Deep Neural Network Library (oneDNN) to use the following CPU instructions in performance-critical operations:  AVX2 FMA
[1,5]<stderr>:To enable them in other operations, rebuild TensorFlow with the appropriate compiler flags.
[1,5]<stderr>:2023-02-03 18:29:41.243365: W tensorflow/compiler/xla/stream_executor/platform/default/dso_loader.cc:64] Could not load dynamic library 'libcudart.so.11.0'; dlerror: libcudart.so.11.0: cannot open shared object file: No such file or directory; LD_LIBRARY_PATH: /software/graphcore/poplar_sdk/3.1.0/poplar-ubuntu_20_04-3.1.0+6824-9c103dc348/lib:/software/graphcore/poplar_sdk/3.1.0/popart-ubuntu_20_04-3.1.0+6824-9c103dc348/lib:/software/graphcore/poplar_sdk/3.1.0/poplar-ubuntu_20_04-3.1.0+6824-9c103dc348/lib
[1,5]<stderr>:2023-02-03 18:29:41.243401: I tensorflow/compiler/xla/stream_executor/cuda/cudart_stub.cc:29] Ignore above cudart dlerror if you do not have a GPU set up on your machine.
[1,7]<stderr>:2023-02-03 18:29:46.745461: W tensorflow/compiler/xla/stream_executor/platform/default/dso_loader.cc:64] Could not load dynamic library 'libnvinfer.so.7'; dlerror: libnvinfer.so.7: cannot open shared object file: No such file or directory; LD_LIBRARY_PATH: /software/graphcore/poplar_sdk/3.1.0/poplar-ubuntu_20_04-3.1.0+6824-9c103dc348/lib:/software/graphcore/poplar_sdk/3.1.0/popart-ubuntu_20_04-3.1.0+6824-9c103dc348/lib:/software/graphcore/poplar_sdk/3.1.0/poplar-ubuntu_20_04-3.1.0+6824-9c103dc348/lib
[1,5]<stderr>:2023-02-03 18:29:46.745493: W tensorflow/compiler/xla/stream_executor/platform/default/dso_loader.cc:64] Could not load dynamic library 'libnvinfer.so.7'; dlerror: libnvinfer.so.7: cannot open shared object file: No such file or directory; LD_LIBRARY_PATH: /software/graphcore/poplar_sdk/3.1.0/poplar-ubuntu_20_04-3.1.0+6824-9c103dc348/lib:/software/graphcore/poplar_sdk/3.1.0/popart-ubuntu_20_04-3.1.0+6824-9c103dc348/lib:/software/graphcore/poplar_sdk/3.1.0/poplar-ubuntu_20_04-3.1.0+6824-9c103dc348/lib
[1,7]<stderr>:2023-02-03 18:29:46.745545: W tensorflow/compiler/xla/stream_executor/platform/default/dso_loader.cc:64] Could not load dynamic library 'libnvinfer_plugin.so.7'; dlerror: libnvinfer_plugin.so.7: cannot open shared object file: No such file or directory; LD_LIBRARY_PATH: /software/graphcore/poplar_sdk/3.1.0/poplar-ubuntu_20_04-3.1.0+6824-9c103dc348/lib:/software/graphcore/poplar_sdk/3.1.0/popart-ubuntu_20_04-3.1.0+6824-9c103dc348/lib:/software/graphcore/poplar_sdk/3.1.0/poplar-ubuntu_20_04-3.1.0+6824-9c103dc348/lib
[1,7]<stderr>:2023-02-03 18:29:46.745550: W tensorflow/compiler/tf2tensorrt/utils/py_utils.cc:38] TF-TRT Warning: Cannot dlopen some TensorRT libraries. If you would like to use Nvidia GPU with TensorRT, please make sure the missing libraries mentioned above are installed properly.
[1,5]<stderr>:2023-02-03 18:29:46.745567: W tensorflow/compiler/xla/stream_executor/platform/default/dso_loader.cc:64] Could not load dynamic library 'libnvinfer_plugin.so.7'; dlerror: libnvinfer_plugin.so.7: cannot open shared object file: No such file or directory; LD_LIBRARY_PATH: /software/graphcore/poplar_sdk/3.1.0/poplar-ubuntu_20_04-3.1.0+6824-9c103dc348/lib:/software/graphcore/poplar_sdk/3.1.0/popart-ubuntu_20_04-3.1.0+6824-9c103dc348/lib:/software/graphcore/poplar_sdk/3.1.0/poplar-ubuntu_20_04-3.1.0+6824-9c103dc348/lib
[1,5]<stderr>:2023-02-03 18:29:46.745573: W tensorflow/compiler/tf2tensorrt/utils/py_utils.cc:38] TF-TRT Warning: Cannot dlopen some TensorRT libraries. If you would like to use Nvidia GPU with TensorRT, please make sure the missing libraries mentioned above are installed properly.
[1,2]<stderr>:2023-02-03 18:29:46.746066: W tensorflow/compiler/xla/stream_executor/platform/default/dso_loader.cc:64] Could not load dynamic library 'libnvinfer.so.7'; dlerror: libnvinfer.so.7: cannot open shared object file: No such file or directory; LD_LIBRARY_PATH: /software/graphcore/poplar_sdk/3.1.0/poplar-ubuntu_20_04-3.1.0+6824-9c103dc348/lib:/software/graphcore/poplar_sdk/3.1.0/popart-ubuntu_20_04-3.1.0+6824-9c103dc348/lib:/software/graphcore/poplar_sdk/3.1.0/poplar-ubuntu_20_04-3.1.0+6824-9c103dc348/lib
[1,2]<stderr>:2023-02-03 18:29:46.746154: W tensorflow/compiler/xla/stream_executor/platform/default/dso_loader.cc:64] Could not load dynamic library 'libnvinfer_plugin.so.7'; dlerror: libnvinfer_plugin.so.7: cannot open shared object file: No such file or directory; LD_LIBRARY_PATH: /software/graphcore/poplar_sdk/3.1.0/poplar-ubuntu_20_04-3.1.0+6824-9c103dc348/lib:/software/graphcore/poplar_sdk/3.1.0/popart-ubuntu_20_04-3.1.0+6824-9c103dc348/lib:/software/graphcore/poplar_sdk/3.1.0/poplar-ubuntu_20_04-3.1.0+6824-9c103dc348/lib
[1,2]<stderr>:2023-02-03 18:29:46.746160: W tensorflow/compiler/tf2tensorrt/utils/py_utils.cc:38] TF-TRT Warning: Cannot dlopen some TensorRT libraries. If you would like to use Nvidia GPU with TensorRT, please make sure the missing libraries mentioned above are installed properly.
[1,6]<stderr>:2023-02-03 18:29:46.746139: W tensorflow/compiler/xla/stream_executor/platform/default/dso_loader.cc:64] Could not load dynamic library 'libnvinfer.so.7'; dlerror: libnvinfer.so.7: cannot open shared object file: No such file or directory; LD_LIBRARY_PATH: /software/graphcore/poplar_sdk/3.1.0/poplar-ubuntu_20_04-3.1.0+6824-9c103dc348/lib:/software/graphcore/poplar_sdk/3.1.0/popart-ubuntu_20_04-3.1.0+6824-9c103dc348/lib:/software/graphcore/poplar_sdk/3.1.0/poplar-ubuntu_20_04-3.1.0+6824-9c103dc348/lib
[1,6]<stderr>:2023-02-03 18:29:46.746217: W tensorflow/compiler/xla/stream_executor/platform/default/dso_loader.cc:64] Could not load dynamic library 'libnvinfer_plugin.so.7'; dlerror: libnvinfer_plugin.so.7: cannot open shared object file: No such file or directory; LD_LIBRARY_PATH: /software/graphcore/poplar_sdk/3.1.0/poplar-ubuntu_20_04-3.1.0+6824-9c103dc348/lib:/software/graphcore/poplar_sdk/3.1.0/popart-ubuntu_20_04-3.1.0+6824-9c103dc348/lib:/software/graphcore/poplar_sdk/3.1.0/poplar-ubuntu_20_04-3.1.0+6824-9c103dc348/lib
[1,6]<stderr>:2023-02-03 18:29:46.746223: W tensorflow/compiler/tf2tensorrt/utils/py_utils.cc:38] TF-TRT Warning: Cannot dlopen some TensorRT libraries. If you would like to use Nvidia GPU with TensorRT, please make sure the missing libraries mentioned above are installed properly.
[1,3]<stderr>:2023-02-03 18:29:46.746107: W tensorflow/compiler/xla/stream_executor/platform/default/dso_loader.cc:64] Could not load dynamic library 'libnvinfer.so.7'; dlerror: libnvinfer.so.7: cannot open shared object file: No such file or directory; LD_LIBRARY_PATH: /software/graphcore/poplar_sdk/3.1.0/poplar-ubuntu_20_04-3.1.0+6824-9c103dc348/lib:/software/graphcore/poplar_sdk/3.1.0/popart-ubuntu_20_04-3.1.0+6824-9c103dc348/lib:/software/graphcore/poplar_sdk/3.1.0/poplar-ubuntu_20_04-3.1.0+6824-9c103dc348/lib
[1,3]<stderr>:2023-02-03 18:29:46.746197: W tensorflow/compiler/xla/stream_executor/platform/default/dso_loader.cc:64] Could not load dynamic library 'libnvinfer_plugin.so.7'; dlerror: libnvinfer_plugin.so.7: cannot open shared object file: No such file or directory; LD_LIBRARY_PATH: /software/graphcore/poplar_sdk/3.1.0/poplar-ubuntu_20_04-3.1.0+6824-9c103dc348/lib:/software/graphcore/poplar_sdk/3.1.0/popart-ubuntu_20_04-3.1.0+6824-9c103dc348/lib:/software/graphcore/poplar_sdk/3.1.0/poplar-ubuntu_20_04-3.1.0+6824-9c103dc348/lib
[1,3]<stderr>:2023-02-03 18:29:46.746203: W tensorflow/compiler/tf2tensorrt/utils/py_utils.cc:38] TF-TRT Warning: Cannot dlopen some TensorRT libraries. If you would like to use Nvidia GPU with TensorRT, please make sure the missing libraries mentioned above are installed properly.
[1,0]<stderr>:2023-02-03 18:29:46.746093: W tensorflow/compiler/xla/stream_executor/platform/default/dso_loader.cc:64] Could not load dynamic library 'libnvinfer.so.7'; dlerror: libnvinfer.so.7: cannot open shared object file: No such file or directory; LD_LIBRARY_PATH: /software/graphcore/poplar_sdk/3.1.0/poplar-ubuntu_20_04-3.1.0+6824-9c103dc348/lib:/software/graphcore/poplar_sdk/3.1.0/popart-ubuntu_20_04-3.1.0+6824-9c103dc348/lib:/software/graphcore/poplar_sdk/3.1.0/poplar-ubuntu_20_04-3.1.0+6824-9c103dc348/lib
[1,0]<stderr>:2023-02-03 18:29:46.746165: W tensorflow/compiler/xla/stream_executor/platform/default/dso_loader.cc:64] Could not load dynamic library 'libnvinfer_plugin.so.7'; dlerror: libnvinfer_plugin.so.7: cannot open shared object file: No such file or directory; LD_LIBRARY_PATH: /software/graphcore/poplar_sdk/3.1.0/poplar-ubuntu_20_04-3.1.0+6824-9c103dc348/lib:/software/graphcore/poplar_sdk/3.1.0/popart-ubuntu_20_04-3.1.0+6824-9c103dc348/lib:/software/graphcore/poplar_sdk/3.1.0/poplar-ubuntu_20_04-3.1.0+6824-9c103dc348/lib
[1,0]<stderr>:2023-02-03 18:29:46.746171: W tensorflow/compiler/tf2tensorrt/utils/py_utils.cc:38] TF-TRT Warning: Cannot dlopen some TensorRT libraries. If you would like to use Nvidia GPU with TensorRT, please make sure the missing libraries mentioned above are installed properly.
[1,4]<stderr>:2023-02-03 18:29:46.746105: W tensorflow/compiler/xla/stream_executor/platform/default/dso_loader.cc:64] Could not load dynamic library 'libnvinfer.so.7'; dlerror: libnvinfer.so.7: cannot open shared object file: No such file or directory; LD_LIBRARY_PATH: /software/graphcore/poplar_sdk/3.1.0/poplar-ubuntu_20_04-3.1.0+6824-9c103dc348/lib:/software/graphcore/poplar_sdk/3.1.0/popart-ubuntu_20_04-3.1.0+6824-9c103dc348/lib:/software/graphcore/poplar_sdk/3.1.0/poplar-ubuntu_20_04-3.1.0+6824-9c103dc348/lib
[1,4]<stderr>:2023-02-03 18:29:46.746195: W tensorflow/compiler/xla/stream_executor/platform/default/dso_loader.cc:64] Could not load dynamic library 'libnvinfer_plugin.so.7'; dlerror: libnvinfer_plugin.so.7: cannot open shared object file: No such file or directory; LD_LIBRARY_PATH: /software/graphcore/poplar_sdk/3.1.0/poplar-ubuntu_20_04-3.1.0+6824-9c103dc348/lib:/software/graphcore/poplar_sdk/3.1.0/popart-ubuntu_20_04-3.1.0+6824-9c103dc348/lib:/software/graphcore/poplar_sdk/3.1.0/poplar-ubuntu_20_04-3.1.0+6824-9c103dc348/lib
[1,4]<stderr>:2023-02-03 18:29:46.746202: W tensorflow/compiler/tf2tensorrt/utils/py_utils.cc:38] TF-TRT Warning: Cannot dlopen some TensorRT libraries. If you would like to use Nvidia GPU with TensorRT, please make sure the missing libraries mentioned above are installed properly.
[1,1]<stderr>:2023-02-03 18:29:46.746071: W tensorflow/compiler/xla/stream_executor/platform/default/dso_loader.cc:64] Could not load dynamic library 'libnvinfer.so.7'; dlerror: libnvinfer.so.7: cannot open shared object file: No such file or directory; LD_LIBRARY_PATH: /software/graphcore/poplar_sdk/3.1.0/poplar-ubuntu_20_04-3.1.0+6824-9c103dc348/lib:/software/graphcore/poplar_sdk/3.1.0/popart-ubuntu_20_04-3.1.0+6824-9c103dc348/lib:/software/graphcore/poplar_sdk/3.1.0/poplar-ubuntu_20_04-3.1.0+6824-9c103dc348/lib
[1,1]<stderr>:2023-02-03 18:29:46.746147: W tensorflow/compiler/xla/stream_executor/platform/default/dso_loader.cc:64] Could not load dynamic library 'libnvinfer_plugin.so.7'; dlerror: libnvinfer_plugin.so.7: cannot open shared object file: No such file or directory; LD_LIBRARY_PATH: /software/graphcore/poplar_sdk/3.1.0/poplar-ubuntu_20_04-3.1.0+6824-9c103dc348/lib:/software/graphcore/poplar_sdk/3.1.0/popart-ubuntu_20_04-3.1.0+6824-9c103dc348/lib:/software/graphcore/poplar_sdk/3.1.0/poplar-ubuntu_20_04-3.1.0+6824-9c103dc348/lib
[1,1]<stderr>:2023-02-03 18:29:46.746153: W tensorflow/compiler/tf2tensorrt/utils/py_utils.cc:38] TF-TRT Warning: Cannot dlopen some TensorRT libraries. If you would like to use Nvidia GPU with TensorRT, please make sure the missing libraries mentioned above are installed properly.
[1,1]<stdout>:2023-02-03 18:29:56,208 - INFO - No checkpoint file found, restarting from scratch
[1,0]<stdout>:2023-02-03 18:29:56,210 - INFO - No checkpoint file found, restarting from scratch
[1,7]<stdout>:2023-02-03 18:29:56,212 - INFO - No checkpoint file found, restarting from scratch
[1,4]<stdout>:2023-02-03 18:29:56,212 - INFO - No checkpoint file found, restarting from scratch
[1,2]<stdout>:2023-02-03 18:29:56,213 - INFO - No checkpoint file found, restarting from scratch
[1,6]<stdout>:2023-02-03 18:29:56,214 - INFO - No checkpoint file found, restarting from scratch
[1,3]<stdout>:2023-02-03 18:29:56,215 - INFO - No checkpoint file found, restarting from scratch
[1,5]<stdout>:2023-02-03 18:29:56,216 - INFO - No checkpoint file found, restarting from scratch
[1,3]<stdout>:2023-02-03 18:30:10,315 - INFO - train Step 0 metrics: Average/Non_Bkg_Accuracy: 0.219, Average/mIoU: 0.00365, loss: 3.74 (0.018 IOs / 0.055 (Step)(s))
[1,5]<stdout>:2023-02-03 18:30:10,423 - INFO - train Step 0 metrics: Average/Non_Bkg_Accuracy: 0.133, Average/mIoU: 0.000757, loss: 3.74 (0.017 IOs / 0.05 (Step)(s))
[1,2]<stdout>:2023-02-03 18:30:10,444 - INFO - train Step 0 metrics: Average/Non_Bkg_Accuracy: 0.295, Average/mIoU: 0.00436, loss: 3.77 (0.019 IOs / 0.051 (Step)(s))
[1,1]<stdout>:2023-02-03 18:30:10,449 - INFO - train Step 0 metrics: Average/Non_Bkg_Accuracy: 0.162, Average/mIoU: 0.00139, loss: 3.85 (0.018 IOs / 0.049 (Step)(s))
[1,0]<stdout>:2023-02-03 18:30:10,495 - INFO - train Step 0 metrics: Average/Non_Bkg_Accuracy: 0.191, Average/mIoU: 0.0046, loss: 3.94 (0.02 IOs / 0.052 (Step)(s))
[1,6]<stdout>:2023-02-03 18:30:10,573 - INFO - train Step 0 metrics: Average/Non_Bkg_Accuracy: 0.194, Average/mIoU: 0.00187, loss: 3.87 (0.019 IOs / 0.051 (Step)(s))
[1,7]<stdout>:2023-02-03 18:30:10,584 - INFO - train Step 0 metrics: Average/Non_Bkg_Accuracy: 0.129, Average/mIoU: 0.000824, loss: 3.83 (0.019 IOs / 0.05 (Step)(s))
[1,4]<stdout>:2023-02-03 18:30:10,684 - INFO - train Step 0 metrics: Average/Non_Bkg_Accuracy: 0.158, Average/mIoU: 0.00149, loss: 3.81 (0.018 IOs / 0.054 (Step)(s))
[1,3]<stdout>:2023-02-03 18:30:23,746 - INFO - train Step 1 metrics: Average/Non_Bkg_Accuracy: 0.224, Average/mIoU: 0.0021, loss: 3.78 (0.15 Img/s / 0.04 IOs / 0.037 (Step)(s))
[1,2]<stdout>:2023-02-03 18:30:23,831 - INFO - train Step 1 metrics: Average/Non_Bkg_Accuracy: 0.242, Average/mIoU: 0.00183, loss: 3.74 (0.15 Img/s / 0.019 IOs / 0.04 (Step)(s))
[1,5]<stdout>:2023-02-03 18:30:23,832 - INFO - train Step 1 metrics: Average/Non_Bkg_Accuracy: 0.206, Average/mIoU: 0.003, loss: 3.89 (0.15 Img/s / 0.019 IOs / 0.04 (Step)(s))
[1,0]<stdout>:2023-02-03 18:30:23,866 - INFO - train Step 1 metrics: Average/Non_Bkg_Accuracy: 0.208, Average/mIoU: 0.00337, loss: 3.83 (0.15 Img/s / 0.015 IOs / 0.039 (Step)(s))
[1,1]<stdout>:2023-02-03 18:30:23,956 - INFO - train Step 1 metrics: Average/Non_Bkg_Accuracy: 0.179, Average/mIoU: 0.00158, loss: 3.8 (0.15 Img/s / 0.019 IOs / 0.04 (Step)(s))
[1,6]<stdout>:2023-02-03 18:30:24,035 - INFO - train Step 1 metrics: Average/Non_Bkg_Accuracy: 0.205, Average/mIoU: 0.00188, loss: 3.74 (0.15 Img/s / 0.018 IOs / 0.04 (Step)(s))
[1,7]<stdout>:2023-02-03 18:30:24,131 - INFO - train Step 1 metrics: Average/Non_Bkg_Accuracy: 0.136, Average/mIoU: 0.00172, loss: 3.94 (0.15 Img/s / 0.019 IOs / 0.043 (Step)(s))
[1,4]<stdout>:2023-02-03 18:30:24,287 - INFO - train Step 1 metrics: Average/Non_Bkg_Accuracy: 0.189, Average/mIoU: 0.00314, loss: 3.83 (0.15 Img/s / 0.016 IOs / 0.039 (Step)(s))
[1,3]<stdout>:2023-02-03 18:30:36,759 - INFO - train Step 2 metrics: Average/Non_Bkg_Accuracy: 0.292, Average/mIoU: 0.00511, loss: 3.69 (0.15 Img/s / 0.013 IOs / 0.046 (Step)(s))
[1,2]<stdout>:2023-02-03 18:30:36,799 - INFO - train Step 2 metrics: Average/Non_Bkg_Accuracy: 0.233, Average/mIoU: 0.0028, loss: 3.82 (0.15 Img/s / 0.013 IOs / 0.045 (Step)(s))
[1,1]<stdout>:2023-02-03 18:30:36,894 - INFO - train Step 2 metrics: Average/Non_Bkg_Accuracy: 0.137, Average/mIoU: 0.00113, loss: 3.89 (0.15 Img/s / 0.013 IOs / 0.043 (Step)(s))
[1,5]<stdout>:2023-02-03 18:30:36,969 - INFO - train Step 2 metrics: Average/Non_Bkg_Accuracy: 0.12, Average/mIoU: 0.00106, loss: 3.9 (0.15 Img/s / 0.014 IOs / 0.044 (Step)(s))
[1,0]<stdout>:2023-02-03 18:30:37,011 - INFO - train Step 2 metrics: Average/Non_Bkg_Accuracy: 0.18, Average/mIoU: 0.00309, loss: 4.0 (0.15 Img/s / 0.014 IOs / 0.046 (Step)(s))
[1,6]<stdout>:2023-02-03 18:30:37,052 - INFO - train Step 2 metrics: Average/Non_Bkg_Accuracy: 0.114, Average/mIoU: 0.000536, loss: 3.82 (0.15 Img/s / 0.013 IOs / 0.049 (Step)(s))
[1,4]<stdout>:2023-02-03 18:30:37,379 - INFO - train Step 2 metrics: Average/Non_Bkg_Accuracy: 0.15, Average/mIoU: 0.00109, loss: 3.88 (0.15 Img/s / 0.015 IOs / 0.045 (Step)(s))
[1,7]<stdout>:2023-02-03 18:30:37,399 - INFO - train Step 2 metrics: Average/Non_Bkg_Accuracy: 0.151, Average/mIoU: 0.00215, loss: 3.99 (0.15 Img/s / 0.015 IOs / 0.039 (Step)(s))
[1,2]<stdout>:2023-02-03 18:30:49,672 - INFO - train Step 3 metrics: Average/Non_Bkg_Accuracy: 0.179, Average/mIoU: 0.00241, loss: 3.84 (0.16 Img/s / 0.015 IOs / 0.041 (Step)(s))
[1,3]<stdout>:2023-02-03 18:30:49,744 - INFO - train Step 3 metrics: Average/Non_Bkg_Accuracy: 0.177, Average/mIoU: 0.00321, loss: 3.92 (0.15 Img/s / 0.018 IOs / 0.037 (Step)(s))
[1,1]<stdout>:2023-02-03 18:30:49,961 - INFO - train Step 3 metrics: Average/Non_Bkg_Accuracy: 0.196, Average/mIoU: 0.00249, loss: 3.81 (0.15 Img/s / 0.017 IOs / 0.04 (Step)(s))
[1,0]<stdout>:2023-02-03 18:30:50,149 - INFO - train Step 3 metrics: Average/Non_Bkg_Accuracy: 0.186, Average/mIoU: 0.00328, loss: 3.88 (0.15 Img/s / 0.016 IOs / 0.037 (Step)(s))
[1,5]<stdout>:2023-02-03 18:30:50,173 - INFO - train Step 3 metrics: Average/Non_Bkg_Accuracy: 0.132, Average/mIoU: 0.00102, loss: 3.86 (0.15 Img/s / 0.015 IOs / 0.037 (Step)(s))
[1,6]<stdout>:2023-02-03 18:30:50,294 - INFO - train Step 3 metrics: Average/Non_Bkg_Accuracy: 0.168, Average/mIoU: 0.00199, loss: 3.77 (0.15 Img/s / 0.015 IOs / 0.039 (Step)(s))
[1,7]<stdout>:2023-02-03 18:30:50,397 - INFO - train Step 3 metrics: Average/Non_Bkg_Accuracy: 0.259, Average/mIoU: 0.00359, loss: 3.84 (0.15 Img/s / 0.015 IOs / 0.064 (Step)(s))
[1,4]<stdout>:2023-02-03 18:30:50,483 - INFO - train Step 3 metrics: Average/Non_Bkg_Accuracy: 0.262, Average/mIoU: 0.00248, loss: 3.72 (0.15 Img/s / 0.016 IOs / 0.076 (Step)(s))
[1,2]<stdout>:2023-02-03 18:31:02,903 - INFO - train Step 4 metrics: Average/Non_Bkg_Accuracy: 0.162, Average/mIoU: 0.00243, loss: 3.9 (0.15 Img/s / 0.014 IOs / 0.043 (Step)(s))
[1,3]<stdout>:2023-02-03 18:31:03,073 - INFO - train Step 4 metrics: Average/Non_Bkg_Accuracy: 0.149, Average/mIoU: 0.00244, loss: 4.02 (0.15 Img/s / 0.014 IOs / 0.046 (Step)(s))
[1,1]<stdout>:2023-02-03 18:31:03,101 - INFO - train Step 4 metrics: Average/Non_Bkg_Accuracy: 0.174, Average/mIoU: 0.0018, loss: 3.77 (0.15 Img/s / 0.013 IOs / 0.038 (Step)(s))
[1,5]<stdout>:2023-02-03 18:31:03,202 - INFO - train Step 4 metrics: Average/Non_Bkg_Accuracy: 0.13, Average/mIoU: 0.00159, loss: 3.95 (0.15 Img/s / 0.013 IOs / 0.046 (Step)(s))
[1,0]<stdout>:2023-02-03 18:31:03,410 - INFO - train Step 4 metrics: Average/Non_Bkg_Accuracy: 0.167, Average/mIoU: 0.00243, loss: 3.91 (0.15 Img/s / 0.014 IOs / 0.047 (Step)(s))
[1,7]<stdout>:2023-02-03 18:31:03,528 - INFO - train Step 4 metrics: Average/Non_Bkg_Accuracy: 0.229, Average/mIoU: 0.00548, loss: 3.89 (0.15 Img/s / 0.029 IOs / 0.037 (Step)(s))
[1,4]<stdout>:2023-02-03 18:31:03,670 - INFO - train Step 4 metrics: Average/Non_Bkg_Accuracy: 0.179, Average/mIoU: 0.0019, loss: 3.92 (0.15 Img/s / 0.014 IOs / 0.045 (Step)(s))
[1,6]<stdout>:2023-02-03 18:31:03,878 - INFO - train Step 4 metrics: Average/Non_Bkg_Accuracy: 0.219, Average/mIoU: 0.00285, loss: 3.79 (0.15 Img/s / 0.013 IOs / 0.045 (Step)(s))
[1,2]<stdout>:2023-02-03 18:31:15,972 - INFO - train Step 5 metrics: Average/Non_Bkg_Accuracy: 0.174, Average/mIoU: 0.00313, loss: 3.89 (0.15 Img/s / 0.017 IOs / 0.041 (Step)(s))
[1,3]<stdout>:2023-02-03 18:31:15,979 - INFO - train Step 5 metrics: Average/Non_Bkg_Accuracy: 0.156, Average/mIoU: 0.00171, loss: 3.86 (0.15 Img/s / 0.018 IOs / 0.037 (Step)(s))
[1,1]<stdout>:2023-02-03 18:31:16,144 - INFO - train Step 5 metrics: Average/Non_Bkg_Accuracy: 0.181, Average/mIoU: 0.00293, loss: 3.89 (0.15 Img/s / 0.017 IOs / 0.043 (Step)(s))
[1,5]<stdout>:2023-02-03 18:31:16,264 - INFO - train Step 5 metrics: Average/Non_Bkg_Accuracy: 0.174, Average/mIoU: 0.00206, loss: 3.8 (0.15 Img/s / 0.016 IOs / 0.038 (Step)(s))
[1,7]<stdout>:2023-02-03 18:31:16,491 - INFO - train Step 5 metrics: Average/Non_Bkg_Accuracy: 0.192, Average/mIoU: 0.00288, loss: 3.82 (0.15 Img/s / 0.013 IOs / 0.046 (Step)(s))
[1,0]<stdout>:2023-02-03 18:31:16,648 - INFO - train Step 5 metrics: Average/Non_Bkg_Accuracy: 0.104, Average/mIoU: 0.000768, loss: 3.89 (0.15 Img/s / 0.016 IOs / 0.038 (Step)(s))
[1,4]<stdout>:2023-02-03 18:31:16,742 - INFO - train Step 5 metrics: Average/Non_Bkg_Accuracy: 0.172, Average/mIoU: 0.00246, loss: 3.91 (0.15 Img/s / 0.017 IOs / 0.039 (Step)(s))
[1,6]<stdout>:2023-02-03 18:31:16,795 - INFO - train Step 5 metrics: Average/Non_Bkg_Accuracy: 0.145, Average/mIoU: 0.00195, loss: 3.88 (0.15 Img/s / 0.016 IOs / 0.04 (Step)(s))
[1,2]<stdout>:2023-02-03 18:31:28,879 - INFO - train Step 6 metrics: Average/Non_Bkg_Accuracy: 0.247, Average/mIoU: 0.000967, loss: 3.62 (0.15 Img/s / 0.012 IOs / 0.038 (Step)(s))
[1,3]<stdout>:2023-02-03 18:31:28,974 - INFO - train Step 6 metrics: Average/Non_Bkg_Accuracy: 0.197, Average/mIoU: 0.00268, loss: 3.78 (0.15 Img/s / 0.013 IOs / 0.041 (Step)(s))
[1,1]<stdout>:2023-02-03 18:31:29,173 - INFO - train Step 6 metrics: Average/Non_Bkg_Accuracy: 0.238, Average/mIoU: 0.00316, loss: 3.81 (0.15 Img/s / 0.014 IOs / 0.039 (Step)(s))
[1,5]<stdout>:2023-02-03 18:31:29,301 - INFO - train Step 6 metrics: Average/Non_Bkg_Accuracy: 0.121, Average/mIoU: 0.00102, loss: 3.95 (0.15 Img/s / 0.014 IOs / 0.041 (Step)(s))
[1,7]<stdout>:2023-02-03 18:31:29,435 - INFO - train Step 6 metrics: Average/Non_Bkg_Accuracy: 0.217, Average/mIoU: 0.00205, loss: 3.78 (0.15 Img/s / 0.016 IOs / 0.04 (Step)(s))
[1,4]<stdout>:2023-02-03 18:31:29,685 - INFO - train Step 6 metrics: Average/Non_Bkg_Accuracy: 0.194, Average/mIoU: 0.00353, loss: 3.86 (0.15 Img/s / 0.013 IOs / 0.039 (Step)(s))
[1,6]<stdout>:2023-02-03 18:31:29,730 - INFO - train Step 6 metrics: Average/Non_Bkg_Accuracy: 0.145, Average/mIoU: 0.002, loss: 3.98 (0.15 Img/s / 0.014 IOs / 0.038 (Step)(s))
[1,0]<stdout>:2023-02-03 18:31:29,736 - INFO - train Step 6 metrics: Average/Non_Bkg_Accuracy: 0.247, Average/mIoU: 0.0053, loss: 3.78 (0.15 Img/s / 0.014 IOs / 0.038 (Step)(s))
[1,2]<stdout>:2023-02-03 18:31:41,824 - INFO - train Step 7 metrics: Average/Non_Bkg_Accuracy: 0.125, Average/mIoU: 0.000833, loss: 3.84 (0.15 Img/s / 0.013 IOs / 0.046 (Step)(s))
[1,3]<stdout>:2023-02-03 18:31:41,964 - INFO - train Step 7 metrics: Average/Non_Bkg_Accuracy: 0.138, Average/mIoU: 0.000692, loss: 3.75 (0.15 Img/s / 0.014 IOs / 0.047 (Step)(s))
[1,5]<stdout>:2023-02-03 18:31:42,166 - INFO - train Step 7 metrics: Average/Non_Bkg_Accuracy: 0.23, Average/mIoU: 0.00558, loss: 3.87 (0.16 Img/s / 0.015 IOs / 0.046 (Step)(s))
[1,1]<stdout>:2023-02-03 18:31:42,296 - INFO - train Step 7 metrics: Average/Non_Bkg_Accuracy: 0.144, Average/mIoU: 0.000896, loss: 3.69 (0.15 Img/s / 0.012 IOs / 0.044 (Step)(s))
[1,7]<stdout>:2023-02-03 18:31:42,343 - INFO - train Step 7 metrics: Average/Non_Bkg_Accuracy: 0.183, Average/mIoU: 0.00245, loss: 3.87 (0.15 Img/s / 0.013 IOs / 0.041 (Step)(s))
[1,0]<stdout>:2023-02-03 18:31:42,569 - INFO - train Step 7 metrics: Average/Non_Bkg_Accuracy: 0.246, Average/mIoU: 0.00447, loss: 3.74 (0.16 Img/s / 0.015 IOs / 0.045 (Step)(s))
[1,4]<stdout>:2023-02-03 18:31:42,659 - INFO - train Step 7 metrics: Average/Non_Bkg_Accuracy: 0.174, Average/mIoU: 0.00275, loss: 3.77 (0.15 Img/s / 0.023 IOs / 0.045 (Step)(s))
[1,6]<stdout>:2023-02-03 18:31:42,738 - INFO - train Step 7 metrics: Average/Non_Bkg_Accuracy: 0.114, Average/mIoU: 0.000959, loss: 3.99 (0.15 Img/s / 0.014 IOs / 0.045 (Step)(s))
[1,2]<stdout>:2023-02-03 18:31:54,717 - INFO - train Step 8 metrics: Average/Non_Bkg_Accuracy: 0.199, Average/mIoU: 0.00146, loss: 3.74 (0.16 Img/s / 0.017 IOs / 0.04 (Step)(s))
[1,3]<stdout>:2023-02-03 18:31:54,962 - INFO - train Step 8 metrics: Average/Non_Bkg_Accuracy: 0.263, Average/mIoU: 0.0034, loss: 3.77 (0.15 Img/s / 0.016 IOs / 0.038 (Step)(s))
[1,5]<stdout>:2023-02-03 18:31:55,158 - INFO - train Step 8 metrics: Average/Non_Bkg_Accuracy: 0.261, Average/mIoU: 0.00329, loss: 3.72 (0.15 Img/s / 0.015 IOs / 0.038 (Step)(s))
[1,1]<stdout>:2023-02-03 18:31:55,395 - INFO - train Step 8 metrics: Average/Non_Bkg_Accuracy: 0.112, Average/mIoU: 0.000647, loss: 3.8 (0.15 Img/s / 0.016 IOs / 0.04 (Step)(s))
[1,7]<stdout>:2023-02-03 18:31:55,497 - INFO - train Step 8 metrics: Average/Non_Bkg_Accuracy: 0.169, Average/mIoU: 0.00243, loss: 3.84 (0.15 Img/s / 0.015 IOs / 0.043 (Step)(s))
[1,4]<stdout>:2023-02-03 18:31:55,560 - INFO - train Step 8 metrics: Average/Non_Bkg_Accuracy: 0.184, Average/mIoU: 0.00286, loss: 3.88 (0.16 Img/s / 0.015 IOs / 0.039 (Step)(s))
[1,0]<stdout>:2023-02-03 18:31:55,611 - INFO - train Step 8 metrics: Average/Non_Bkg_Accuracy: 0.17, Average/mIoU: 0.000873, loss: 3.78 (0.15 Img/s / 0.013 IOs / 0.038 (Step)(s))
[1,6]<stdout>:2023-02-03 18:31:55,715 - INFO - train Step 8 metrics: Average/Non_Bkg_Accuracy: 0.113, Average/mIoU: 0.00102, loss: 3.89 (0.15 Img/s / 0.015 IOs / 0.04 (Step)(s))
[1,2]<stdout>:2023-02-03 18:32:07,584 - INFO - train Step 9 metrics: Average/Non_Bkg_Accuracy: 0.189, Average/mIoU: 0.00336, loss: 3.8 (0.16 Img/s / 0.014 IOs / 0.038 (Step)(s))
[1,2]<stdout>:2023-02-03 18:32:07,597 - INFO - Saving run profile information.
[1,2]<stdout>:2023-02-03 18:32:07,605 - INFO - Total time to batch_process: 131.3911
[1,2]<stdout>:2023-02-03 18:32:07,606 - INFO - Total time to batch process except first iteration: 117.1560, throughput: 0.1536
[1,2]<stdout>:2023-02-03 18:32:07,606 - INFO - Total time to batch process except first two iterations: 103.7644, throughput: 0.1542
[1,3]<stdout>:2023-02-03 18:32:07,971 - INFO - train Step 9 metrics: Average/Non_Bkg_Accuracy: 0.153, Average/mIoU: 0.002, loss: 3.91 (0.15 Img/s / 0.013 IOs / 0.037 (Step)(s))
[1,3]<stdout>:2023-02-03 18:32:07,986 - INFO - Saving run profile information.
[1,3]<stdout>:2023-02-03 18:32:07,994 - INFO - Total time to batch_process: 131.7790
[1,3]<stdout>:2023-02-03 18:32:07,995 - INFO - Total time to batch process except first iteration: 117.6703, throughput: 0.1530
[1,3]<stdout>:2023-02-03 18:32:07,996 - INFO - Total time to batch process except first two iterations: 104.2400, throughput: 0.1535
[1,5]<stdout>:2023-02-03 18:32:08,030 - INFO - train Step 9 metrics: Average/Non_Bkg_Accuracy: 0.148, Average/mIoU: 0.00129, loss: 3.91 (0.16 Img/s / 0.013 IOs / 0.038 (Step)(s))
[1,5]<stdout>:2023-02-03 18:32:08,041 - INFO - Saving run profile information.
[1,5]<stdout>:2023-02-03 18:32:08,049 - INFO - Total time to batch_process: 131.8332
[1,5]<stdout>:2023-02-03 18:32:08,050 - INFO - Total time to batch process except first iteration: 117.6189, throughput: 0.1530
[1,5]<stdout>:2023-02-03 18:32:08,050 - INFO - Total time to batch process except first two iterations: 104.1904, throughput: 0.1536
[1,1]<stdout>:2023-02-03 18:32:08,250 - INFO - train Step 9 metrics: Average/Non_Bkg_Accuracy: 0.182, Average/mIoU: 0.00305, loss: 3.9 (0.16 Img/s / 0.013 IOs / 0.038 (Step)(s))
[1,1]<stdout>:2023-02-03 18:32:08,262 - INFO - Saving run profile information.
[1,1]<stdout>:2023-02-03 18:32:08,271 - INFO - Total time to batch_process: 132.0627
[1,1]<stdout>:2023-02-03 18:32:08,271 - INFO - Total time to batch process except first iteration: 117.8188, throughput: 0.1528
[1,1]<stdout>:2023-02-03 18:32:08,271 - INFO - Total time to batch process except first two iterations: 104.3084, throughput: 0.1534
[1,7]<stdout>:2023-02-03 18:32:08,423 - INFO - train Step 9 metrics: Average/Non_Bkg_Accuracy: 0.357, Average/mIoU: 0.00412, loss: 3.69 (0.15 Img/s / 0.014 IOs / 0.04 (Step)(s))
[1,7]<stdout>:2023-02-03 18:32:08,436 - INFO - Saving run profile information.
[1,7]<stdout>:2023-02-03 18:32:08,445 - INFO - Total time to batch_process: 132.2326
[1,7]<stdout>:2023-02-03 18:32:08,446 - INFO - Total time to batch process except first iteration: 117.8570, throughput: 0.1527
[1,7]<stdout>:2023-02-03 18:32:08,446 - INFO - Total time to batch process except first two iterations: 104.3024, throughput: 0.1534
[1,4]<stdout>:2023-02-03 18:32:08,530 - INFO - train Step 9 metrics: Average/Non_Bkg_Accuracy: 0.143, Average/mIoU: 0.00156, loss: 3.9 (0.15 Img/s / 0.013 IOs / 0.043 (Step)(s))
[1,6]<stdout>:2023-02-03 18:32:08,536 - INFO - train Step 9 metrics: Average/Non_Bkg_Accuracy: 0.243, Average/mIoU: 0.00312, loss: 3.8 (0.16 Img/s / 0.013 IOs / 0.038 (Step)(s))
[1,4]<stdout>:2023-02-03 18:32:08,549 - INFO - Saving run profile information.
[1,6]<stdout>:2023-02-03 18:32:08,551 - INFO - Saving run profile information.
[1,0]<stdout>:2023-02-03 18:32:08,552 - INFO - train Step 9 metrics: Average/Non_Bkg_Accuracy: 0.212, Average/mIoU: 0.00433, loss: 3.8 (0.15 Img/s / 0.014 IOs / 0.037 (Step)(s))
[1,4]<stdout>:2023-02-03 18:32:08,558 - INFO - Total time to batch_process: 132.3453
[1,4]<stdout>:2023-02-03 18:32:08,558 - INFO - Total time to batch process except first iteration: 117.8695, throughput: 0.1527
[1,4]<stdout>:2023-02-03 18:32:08,558 - INFO - Total time to batch process except first two iterations: 104.2616, throughput: 0.1535
[1,6]<stdout>:2023-02-03 18:32:08,560 - INFO - Total time to batch_process: 132.3457
[1,6]<stdout>:2023-02-03 18:32:08,560 - INFO - Total time to batch process except first iteration: 117.9832, throughput: 0.1526
[1,6]<stdout>:2023-02-03 18:32:08,560 - INFO - Total time to batch process except first two iterations: 104.5185, throughput: 0.1531
[1,0]<stdout>:2023-02-03 18:32:08,568 - INFO - Saving run profile information.
[1,0]<stdout>:2023-02-03 18:32:08,576 - INFO - Total time to batch_process: 132.3658
[1,0]<stdout>:2023-02-03 18:32:08,576 - INFO - Total time to batch process except first iteration: 118.0781, throughput: 0.1524
[1,0]<stdout>:2023-02-03 18:32:08,577 - INFO - Total time to batch process except first two iterations: 104.7037, throughput: 0.1528
18:32:09.245 782557 POPRUN [I] mpirun (PID 783185) terminated with exit code 0
